<?xml version="1.0" encoding="UTF-8"?>
<!-- Generated by org.testng.reporters.JUnitXMLReporter -->
<testsuite ignored="0" hostname="DESKTOP-HQV51JQ" failures="0" tests="33" name="Default test" time="375.268" errors="0" timestamp="2024-03-21T10:38:33 IST">
  <testcase classname="testCases.Bangladesh" name="applicationLogin" time="23.412"/>
  <testcase classname="testCases.Bangladesh" name="signupDetails" time="6.169"/>
  <testcase classname="testCases.Bangladesh" name="verifyOtp" time="10.736"/>
  <testcase classname="testCases.Bangladesh" name="rtr1604vaddvehicle" time="27.82"/>
  <testcase classname="testCases.Bangladesh" name="notification" time="1.829"/>
  <testcase classname="testCases.Bangladesh" name="myprofile" time="34.448"/>
  <testcase classname="testCases.Bangladesh" name="hamburgerlist" time="35.035"/>
  <testcase classname="testCases.Bangladesh" name="rtr1604vridedetails" time="17.175"/>
  <testcase classname="testCases.Bangladesh" name="rtr1604vmyrideslist" time="5.199"/>
  <testcase classname="testCases.Bangladesh" name="rtr1604vmytour" time="3.155"/>
  <testcase classname="testCases.Bangladesh" name="rtr1604vknowyourbike" time="6.757"/>
  <testcase classname="testCases.Bangladesh" name="rtr1604vsettings" time="12.443"/>
  <testcase classname="testCases.Bangladesh" name="rtr1604vlastparklocation" time="8.57"/>
  <testcase classname="testCases.Bangladesh" name="addracingeditionvehicle" time="10.771"/>
  <testcase classname="testCases.Bangladesh" name="reridedetails" time="4.211"/>
  <testcase classname="testCases.Bangladesh" name="remyrides" time="3.138"/>
  <testcase classname="testCases.Bangladesh" name="reknowyourbike" time="5.995"/>
  <testcase classname="testCases.Bangladesh" name="resettings" time="8.248"/>
  <testcase classname="testCases.Bangladesh" name="relastparkedlocation" time="4.896"/>
  <testcase classname="testCases.Bangladesh" name="rehowtovideos" time="8.522"/>
  <testcase classname="testCases.Bangladesh" name="addrtrapache1602vcarb" time="10.825"/>
  <testcase classname="testCases.Bangladesh" name="apachevehicleoverview" time="2.859"/>
  <testcase classname="testCases.Bangladesh" name="apachesettings" time="8.013"/>
  <testcase classname="testCases.Bangladesh" name="apachelocatevehicle" time="6.416"/>
  <testcase classname="testCases.Bangladesh" name="apacheusermanual" time="5.3"/>
  <testcase classname="testCases.Bangladesh" name="apacheriding101" time="3.602"/>
  <testcase classname="testCases.Bangladesh" name="addapache1602vfi" time="17.012"/>
  <testcase classname="testCases.Bangladesh" name="apache1602vfivehicleovgierview" time="5.036"/>
  <testcase classname="testCases.Bangladesh" name="rtr1602vfisettings" time="12.603"/>
  <testcase classname="testCases.Bangladesh" name="rtr1602vfilocatevehicle" time="5.074"/>
  <testcase classname="testCases.Bangladesh" name="rtr1602vfiusermanual" time="6.012"/>
  <testcase classname="testCases.Bangladesh" name="rtr1602vfiriding101" time="3.395"/>
  <testcase classname="testCases.Bangladesh" name="dashboardfaqfeedback" time="19.61"/>
</testsuite> <!-- Default test -->
