<?xml version="1.0" encoding="UTF-8"?>
<!-- Generated by org.testng.reporters.JUnitXMLReporter -->
<testsuite ignored="0" hostname="DESKTOP-HQV51JQ" failures="0" tests="33" name="Default test" time="350.326" errors="0" timestamp="2024-06-20T14:36:04 IST">
  <testcase classname="testCases.Bangladesh" name="applicationLogin" time="21.648"/>
  <testcase classname="testCases.Bangladesh" name="signupDetails" time="5.959"/>
  <testcase classname="testCases.Bangladesh" name="verifyOtp" time="9.208"/>
  <testcase classname="testCases.Bangladesh" name="rtr1604vaddvehicle" time="30.367"/>
  <testcase classname="testCases.Bangladesh" name="notification" time="1.799"/>
  <testcase classname="testCases.Bangladesh" name="myprofile" time="26.895"/>
  <testcase classname="testCases.Bangladesh" name="hamburgerlist" time="35.115"/>
  <testcase classname="testCases.Bangladesh" name="rtr1604vridedetails" time="17.467"/>
  <testcase classname="testCases.Bangladesh" name="rtr1604vmyrideslist" time="5.141"/>
  <testcase classname="testCases.Bangladesh" name="rtr1604vmytour" time="3.3"/>
  <testcase classname="testCases.Bangladesh" name="rtr1604vknowyourbike" time="6.851"/>
  <testcase classname="testCases.Bangladesh" name="rtr1604vsettings" time="12.818"/>
  <testcase classname="testCases.Bangladesh" name="rtr1604vlastparklocation" time="8.303"/>
  <testcase classname="testCases.Bangladesh" name="addracingeditionvehicle" time="8.89"/>
  <testcase classname="testCases.Bangladesh" name="reridedetails" time="4.625"/>
  <testcase classname="testCases.Bangladesh" name="remyrides" time="3.179"/>
  <testcase classname="testCases.Bangladesh" name="reknowyourbike" time="5.976"/>
  <testcase classname="testCases.Bangladesh" name="resettings" time="8.09"/>
  <testcase classname="testCases.Bangladesh" name="relastparkedlocation" time="4.858"/>
  <testcase classname="testCases.Bangladesh" name="rehowtovideos" time="7.947"/>
  <testcase classname="testCases.Bangladesh" name="addrtrapache1602vcarb" time="11.27"/>
  <testcase classname="testCases.Bangladesh" name="apachevehicleoverview" time="2.394"/>
  <testcase classname="testCases.Bangladesh" name="apachesettings" time="7.633"/>
  <testcase classname="testCases.Bangladesh" name="apachelocatevehicle" time="6.384"/>
  <testcase classname="testCases.Bangladesh" name="apacheusermanual" time="5.071"/>
  <testcase classname="testCases.Bangladesh" name="apacheriding101" time="3.327"/>
  <testcase classname="testCases.Bangladesh" name="addapache1602vfi" time="17.76"/>
  <testcase classname="testCases.Bangladesh" name="apache1602vfivehicleovgierview" time="4.536"/>
  <testcase classname="testCases.Bangladesh" name="rtr1602vfisettings" time="12.659"/>
  <testcase classname="testCases.Bangladesh" name="rtr1602vfilocatevehicle" time="4.986"/>
  <testcase classname="testCases.Bangladesh" name="rtr1602vfiusermanual" time="5.901"/>
  <testcase classname="testCases.Bangladesh" name="rtr1602vfiriding101" time="3.406"/>
  <testcase classname="testCases.Bangladesh" name="dashboardfaqfeedback" time="18.93"/>
</testsuite> <!-- Default test -->
