<?xml version="1.0" encoding="UTF-8"?>
<!-- Generated by org.testng.reporters.JUnitXMLReporter -->
<testsuite ignored="0" hostname="DESKTOP-HQV51JQ" failures="30" tests="33" name="Default test-0" time="380.188" errors="0" timestamp="2024-06-19T16:28:16 IST">
  <testcase classname="testCases.Bangladesh" name="applicationLogin" time="19.052"/>
  <testcase classname="testCases.Bangladesh" name="signupDetails" time="5.268"/>
  <testcase classname="testCases.Bangladesh" name="verifyOtp" time="9.155"/>
  <testcase classname="testCases.Bangladesh" name="rtr1604vaddvehicle" time="5.765">
    <failure type="org.openqa.selenium.StaleElementReferenceException" message="The element &amp;apos;By.xpath: //android.widget.Button[@resource-id=&amp;quot;com.android.permissioncontroller:id/permission_allow_button&amp;quot;]&amp;apos; does not exist in DOM anymore
For documentation on this error, please visit: https://www.selenium.dev/documentation/webdriver/troubleshooting/errors#stale-element-reference-exception
Build info: version: &amp;apos;4.13.0&amp;apos;, revision: &amp;apos;ba948ece5b*&amp;apos;
System info: os.name: &amp;apos;Windows 10&amp;apos;, os.arch: &amp;apos;amd64&amp;apos;, os.version: &amp;apos;10.0&amp;apos;, java.version: &amp;apos;17.0.6&amp;apos;
Driver info: io.appium.java_client.android.AndroidDriver
Command: [3313a6ffa40b2c85601740abdaff52dcd47042af, clickElement {id=9f7213a0-0d7e-4eb9-8ce8-7c09a52425ab}]
Capabilities {appium:appActivity: com.tvsm.connect.SplashActi..., appium:appPackage: com.tvsm.connect.bangladesh, appium:automationName: uiautomator2, appium:bundleID: com.tvsm.connect.bangladesh, appium:bundleId: com.tvsm.connect.bangladesh, appium:chromedriverPort: 18085, appium:chromedriverPorts: [[18155, 18165]], appium:databaseEnabled: false, appium:desired: {appActivity: com.tvsm.connect.SplashActi..., appPackage: com.tvsm.connect.bangladesh, automationName: uiautomator2, bstack:options: {buildIdentifier: #26, hostName: DESKTOP-HQV51JQ, localIdentifier: 19_Jun_1621_DESKTOP_HQV51JQ...}, bundleID: com.tvsm.connect.bangladesh, bundleId: com.tvsm.connect.bangladesh, chromedriverPort: 18085, chromedriverPorts: [[18155, 18165]], deviceName: moto g32, disableSuppressAccessibilityService: true, goog:chromeOptions: {}, nativeWebScreenshot: true, newCommandTimeout: 0, platformName: Android, skipServerInstallation: true, systemPort: 8205, udid: ZD22259KSR}, appium:deviceApiLevel: 30, appium:deviceManufacturer: motorola, appium:deviceModel: moto g71 5G, appium:deviceName: ZD22259KSR, appium:deviceScreenDensity: 420, appium:deviceScreenSize: 1080x2400, appium:deviceUDID: ZD22259KSR, appium:disableSuppressAccessibilityService: true, appium:javascriptEnabled: true, appium:locationContextEnabled: false, appium:nativeWebScreenshot: true, appium:networkConnectionEnabled: true, appium:newCommandTimeout: 0, appium:optimalHubUrl: hub-aps.browserstack.com, appium:pixelRatio: 2.625, appium:platformVersion: 11, appium:skipServerInstallation: true, appium:statBarHeight: 100, appium:systemPort: 8205, appium:takesScreenshot: true, appium:udid: ZD22259KSR, appium:viewportRect: {height: 2074, left: 0, top: 100, width: 1080}, appium:warnings: {}, appium:webStorageEnabled: false, bstack:options: {buildIdentifier: #26, hostName: DESKTOP-HQV51JQ, localIdentifier: 19_Jun_1621_DESKTOP_HQV51JQ...}, goog:chromeOptions: {}, platformName: ANDROID}
Element: [[AndroidDriver:  on ANDROID (3313a6ffa40b2c85601740abdaff52dcd47042af)] -&amp;gt; xpath: //android.widget.Button[@resource-id=&amp;quot;com.android.permissioncontroller:id/permission_allow_button&amp;quot;]]
Session ID: 3313a6ffa40b2c85601740abdaff52dcd47042af">
      <![CDATA[org.openqa.selenium.StaleElementReferenceException: The element 'By.xpath: //android.widget.Button[@resource-id="com.android.permissioncontroller:id/permission_allow_button"]' does not exist in DOM anymore
For documentation on this error, please visit: https://www.selenium.dev/documentation/webdriver/troubleshooting/errors#stale-element-reference-exception
Build info: version: '4.13.0', revision: 'ba948ece5b*'
System info: os.name: 'Windows 10', os.arch: 'amd64', os.version: '10.0', java.version: '17.0.6'
Driver info: io.appium.java_client.android.AndroidDriver
Command: [3313a6ffa40b2c85601740abdaff52dcd47042af, clickElement {id=9f7213a0-0d7e-4eb9-8ce8-7c09a52425ab}]
Capabilities {appium:appActivity: com.tvsm.connect.SplashActi..., appium:appPackage: com.tvsm.connect.bangladesh, appium:automationName: uiautomator2, appium:bundleID: com.tvsm.connect.bangladesh, appium:bundleId: com.tvsm.connect.bangladesh, appium:chromedriverPort: 18085, appium:chromedriverPorts: [[18155, 18165]], appium:databaseEnabled: false, appium:desired: {appActivity: com.tvsm.connect.SplashActi..., appPackage: com.tvsm.connect.bangladesh, automationName: uiautomator2, bstack:options: {buildIdentifier: #26, hostName: DESKTOP-HQV51JQ, localIdentifier: 19_Jun_1621_DESKTOP_HQV51JQ...}, bundleID: com.tvsm.connect.bangladesh, bundleId: com.tvsm.connect.bangladesh, chromedriverPort: 18085, chromedriverPorts: [[18155, 18165]], deviceName: moto g32, disableSuppressAccessibilityService: true, goog:chromeOptions: {}, nativeWebScreenshot: true, newCommandTimeout: 0, platformName: Android, skipServerInstallation: true, systemPort: 8205, udid: ZD22259KSR}, appium:deviceApiLevel: 30, appium:deviceManufacturer: motorola, appium:deviceModel: moto g71 5G, appium:deviceName: ZD22259KSR, appium:deviceScreenDensity: 420, appium:deviceScreenSize: 1080x2400, appium:deviceUDID: ZD22259KSR, appium:disableSuppressAccessibilityService: true, appium:javascriptEnabled: true, appium:locationContextEnabled: false, appium:nativeWebScreenshot: true, appium:networkConnectionEnabled: true, appium:newCommandTimeout: 0, appium:optimalHubUrl: hub-aps.browserstack.com, appium:pixelRatio: 2.625, appium:platformVersion: 11, appium:skipServerInstallation: true, appium:statBarHeight: 100, appium:systemPort: 8205, appium:takesScreenshot: true, appium:udid: ZD22259KSR, appium:viewportRect: {height: 2074, left: 0, top: 100, width: 1080}, appium:warnings: {}, appium:webStorageEnabled: false, bstack:options: {buildIdentifier: #26, hostName: DESKTOP-HQV51JQ, localIdentifier: 19_Jun_1621_DESKTOP_HQV51JQ...}, goog:chromeOptions: {}, platformName: ANDROID}
Element: [[AndroidDriver:  on ANDROID (3313a6ffa40b2c85601740abdaff52dcd47042af)] -> xpath: //android.widget.Button[@resource-id="com.android.permissioncontroller:id/permission_allow_button"]]
Session ID: 3313a6ffa40b2c85601740abdaff52dcd47042af
at java.base/jdk.internal.reflect.NativeConstructorAccessorImpl.newInstance0(Native Method)
at java.base/jdk.internal.reflect.NativeConstructorAccessorImpl.newInstance(NativeConstructorAccessorImpl.java:77)
at java.base/jdk.internal.reflect.DelegatingConstructorAccessorImpl.newInstance(DelegatingConstructorAccessorImpl.java:45)
at java.base/java.lang.reflect.Constructor.newInstanceWithCaller(Constructor.java:499)
at java.base/java.lang.reflect.Constructor.newInstance(Constructor.java:480)
at org.openqa.selenium.remote.codec.w3c.W3CHttpResponseCodec.createException(W3CHttpResponseCodec.java:200)
at org.openqa.selenium.remote.codec.w3c.W3CHttpResponseCodec.decode(W3CHttpResponseCodec.java:133)
at org.openqa.selenium.remote.codec.w3c.W3CHttpResponseCodec.decode(W3CHttpResponseCodec.java:52)
at org.openqa.selenium.remote.HttpCommandExecutor.execute(HttpCommandExecutor.java:191)
at io.appium.java_client.remote.AppiumCommandExecutor.execute(AppiumCommandExecutor.java:250)
at org.openqa.selenium.remote.RemoteWebDriver.execute(RemoteWebDriver.java:602)
at org.openqa.selenium.remote.RemoteWebElement.execute(RemoteWebElement.java:224)
at org.openqa.selenium.remote.RemoteWebElement.click(RemoteWebElement.java:77)
at utilities.AndroidActions.allowAppPermission(AndroidActions.java:30)
at pageObject.AddApacheRTR1604v.addvehicle(AddApacheRTR1604v.java:24)
at testCases.Bangladesh.rtr1604vaddvehicle(Bangladesh.java:68)
at java.base/jdk.internal.reflect.NativeMethodAccessorImpl.invoke0(Native Method)
at java.base/jdk.internal.reflect.NativeMethodAccessorImpl.invoke(NativeMethodAccessorImpl.java:77)
at java.base/jdk.internal.reflect.DelegatingMethodAccessorImpl.invoke(DelegatingMethodAccessorImpl.java:43)
at java.base/java.lang.reflect.Method.invoke(Method.java:568)
at org.testng.internal.MethodInvocationHelper.invokeMethod(MethodInvocationHelper.java:133)
at org.testng.internal.TestInvoker.invokeMethod(TestInvoker.java:598)
at org.testng.internal.TestInvoker.invokeTestMethod(TestInvoker.java:173)
at org.testng.internal.MethodRunner.runInSequence(MethodRunner.java:46)
at org.testng.internal.TestInvoker$MethodInvocationAgent.invoke(TestInvoker.java:824)
at org.testng.internal.TestInvoker.invokeTestMethods(TestInvoker.java:146)
at org.testng.internal.TestMethodWorker.invokeTestMethods(TestMethodWorker.java:146)
at org.testng.internal.TestMethodWorker.run(TestMethodWorker.java:128)
at java.base/java.util.ArrayList.forEach(ArrayList.java:1511)
at org.testng.TestRunner.privateRun(TestRunner.java:794)
at org.testng.TestRunner.run(TestRunner.java:596)
at org.testng.SuiteRunner.runTest(SuiteRunner.java:377)
at org.testng.SuiteRunner.access$000(SuiteRunner.java:28)
at org.testng.SuiteRunner$SuiteWorker.run(SuiteRunner.java:418)
at org.testng.internal.thread.ThreadUtil.lambda$execute$0(ThreadUtil.java:64)
at java.base/java.util.concurrent.FutureTask.run(FutureTask.java:264)
at java.base/java.util.concurrent.ThreadPoolExecutor.runWorker(ThreadPoolExecutor.java:1136)
at java.base/java.util.concurrent.ThreadPoolExecutor$Worker.run(ThreadPoolExecutor.java:635)
at java.base/java.lang.Thread.run(Thread.java:833)
]]>
    </failure>
  </testcase> <!-- rtr1604vaddvehicle -->
  <testcase classname="testCases.Bangladesh" name="notification" time="10.533">
    <failure type="org.openqa.selenium.NoSuchElementException" message="Can&amp;apos;t locate an element by this strategy: By.chained({AppiumBy.id: com.tvsm.connect.bangladesh:id/imgBell})">
      <![CDATA[org.openqa.selenium.NoSuchElementException: Can't locate an element by this strategy: By.chained({AppiumBy.id: com.tvsm.connect.bangladesh:id/imgBell})
at io.appium.java_client.pagefactory.AppiumElementLocator.findElement(AppiumElementLocator.java:166)
at io.appium.java_client.pagefactory.interceptors.InterceptorOfASingleElement.call(InterceptorOfASingleElement.java:64)
at io.appium.java_client.proxy.Interceptor.intercept(Interceptor.java:78)
at org.openqa.selenium.remote.RemoteWebElement$ByteBuddy$iCHd6TXI.click(Unknown Source)
at pageObject.Notification.notification(Notification.java:21)
at testCases.Bangladesh.notification(Bangladesh.java:75)
at java.base/jdk.internal.reflect.NativeMethodAccessorImpl.invoke0(Native Method)
at java.base/jdk.internal.reflect.NativeMethodAccessorImpl.invoke(NativeMethodAccessorImpl.java:77)
at java.base/jdk.internal.reflect.DelegatingMethodAccessorImpl.invoke(DelegatingMethodAccessorImpl.java:43)
at java.base/java.lang.reflect.Method.invoke(Method.java:568)
at org.testng.internal.MethodInvocationHelper.invokeMethod(MethodInvocationHelper.java:133)
at org.testng.internal.TestInvoker.invokeMethod(TestInvoker.java:598)
at org.testng.internal.TestInvoker.invokeTestMethod(TestInvoker.java:173)
at org.testng.internal.MethodRunner.runInSequence(MethodRunner.java:46)
at org.testng.internal.TestInvoker$MethodInvocationAgent.invoke(TestInvoker.java:824)
at org.testng.internal.TestInvoker.invokeTestMethods(TestInvoker.java:146)
at org.testng.internal.TestMethodWorker.invokeTestMethods(TestMethodWorker.java:146)
at org.testng.internal.TestMethodWorker.run(TestMethodWorker.java:128)
at java.base/java.util.ArrayList.forEach(ArrayList.java:1511)
at org.testng.TestRunner.privateRun(TestRunner.java:794)
at org.testng.TestRunner.run(TestRunner.java:596)
at org.testng.SuiteRunner.runTest(SuiteRunner.java:377)
at org.testng.SuiteRunner.access$000(SuiteRunner.java:28)
at org.testng.SuiteRunner$SuiteWorker.run(SuiteRunner.java:418)
at org.testng.internal.thread.ThreadUtil.lambda$execute$0(ThreadUtil.java:64)
at java.base/java.util.concurrent.FutureTask.run(FutureTask.java:264)
at java.base/java.util.concurrent.ThreadPoolExecutor.runWorker(ThreadPoolExecutor.java:1136)
at java.base/java.util.concurrent.ThreadPoolExecutor$Worker.run(ThreadPoolExecutor.java:635)
at java.base/java.lang.Thread.run(Thread.java:833)
Caused by: org.openqa.selenium.TimeoutException: Expected condition failed: waiting for io.appium.java_client.pagefactory.AppiumElementLocator$WaitingFunction@1b239039 (tried for 1 second(s) with 500 milliseconds interval)
at org.openqa.selenium.support.ui.FluentWait.timeoutException(FluentWait.java:262)
at org.openqa.selenium.support.ui.FluentWait.until(FluentWait.java:230)
at io.appium.java_client.pagefactory.AppiumElementLocator.waitFor(AppiumElementLocator.java:135)
at io.appium.java_client.pagefactory.AppiumElementLocator.findElement(AppiumElementLocator.java:160)
... 28 more
Caused by: org.openqa.selenium.NoSuchElementException: Cannot locate an element using By.chained({AppiumBy.id: com.tvsm.connect.bangladesh:id/imgBell})
For documentation on this error, please visit: https://www.selenium.dev/documentation/webdriver/troubleshooting/errors#no-such-element-exception
Build info: version: '4.13.0', revision: 'ba948ece5b*'
System info: os.name: 'Windows 10', os.arch: 'amd64', os.version: '10.0', java.version: '17.0.6'
Driver info: driver.version: RemoteWebDriver
at io.appium.java_client.pagefactory.bys.builder.ByChained.findElement(ByChained.java:77)
at org.openqa.selenium.remote.ElementLocation$ElementFinder$1.findElement(ElementLocation.java:139)
at org.openqa.selenium.remote.ElementLocation.findElement(ElementLocation.java:59)
at org.openqa.selenium.remote.RemoteWebDriver.findElement(RemoteWebDriver.java:359)
at org.openqa.selenium.remote.RemoteWebDriver.findElement(RemoteWebDriver.java:353)
at io.appium.java_client.pagefactory.bys.ContentMappedBy.findElement(ContentMappedBy.java:53)
at org.openqa.selenium.remote.ElementLocation$ElementFinder$1.findElement(ElementLocation.java:139)
at org.openqa.selenium.remote.ElementLocation.findElement(ElementLocation.java:59)
at org.openqa.selenium.remote.RemoteWebDriver.findElement(RemoteWebDriver.java:359)
at org.openqa.selenium.remote.RemoteWebDriver.findElement(RemoteWebDriver.java:353)
at io.appium.java_client.pagefactory.AppiumElementLocator.lambda$findElement$1(AppiumElementLocator.java:160)
at io.appium.java_client.pagefactory.AppiumElementLocator$WaitingFunction.apply(AppiumElementLocator.java:217)
at io.appium.java_client.pagefactory.AppiumElementLocator$WaitingFunction.apply(AppiumElementLocator.java:210)
at org.openqa.selenium.support.ui.FluentWait.until(FluentWait.java:205)
... 30 more
]]>
    </failure>
  </testcase> <!-- notification -->
  <testcase classname="testCases.Bangladesh" name="myprofile" time="11.378">
    <failure type="org.openqa.selenium.NoSuchElementException" message="Can&amp;apos;t locate an element by this strategy: By.chained({By.xpath: //android.widget.TextView[@text=&amp;quot;My Profile&amp;quot;]})">
      <![CDATA[org.openqa.selenium.NoSuchElementException: Can't locate an element by this strategy: By.chained({By.xpath: //android.widget.TextView[@text="My Profile"]})
at io.appium.java_client.pagefactory.AppiumElementLocator.findElement(AppiumElementLocator.java:166)
at io.appium.java_client.pagefactory.interceptors.InterceptorOfASingleElement.call(InterceptorOfASingleElement.java:64)
at io.appium.java_client.proxy.Interceptor.intercept(Interceptor.java:78)
at org.openqa.selenium.remote.RemoteWebElement$ByteBuddy$qfFNMoH1.click(Unknown Source)
at pageObject.MyProfile.myProfileBtn(MyProfile.java:81)
at testCases.Bangladesh.myprofile(Bangladesh.java:81)
at java.base/jdk.internal.reflect.NativeMethodAccessorImpl.invoke0(Native Method)
at java.base/jdk.internal.reflect.NativeMethodAccessorImpl.invoke(NativeMethodAccessorImpl.java:77)
at java.base/jdk.internal.reflect.DelegatingMethodAccessorImpl.invoke(DelegatingMethodAccessorImpl.java:43)
at java.base/java.lang.reflect.Method.invoke(Method.java:568)
at org.testng.internal.MethodInvocationHelper.invokeMethod(MethodInvocationHelper.java:133)
at org.testng.internal.TestInvoker.invokeMethod(TestInvoker.java:598)
at org.testng.internal.TestInvoker.invokeTestMethod(TestInvoker.java:173)
at org.testng.internal.MethodRunner.runInSequence(MethodRunner.java:46)
at org.testng.internal.TestInvoker$MethodInvocationAgent.invoke(TestInvoker.java:824)
at org.testng.internal.TestInvoker.invokeTestMethods(TestInvoker.java:146)
at org.testng.internal.TestMethodWorker.invokeTestMethods(TestMethodWorker.java:146)
at org.testng.internal.TestMethodWorker.run(TestMethodWorker.java:128)
at java.base/java.util.ArrayList.forEach(ArrayList.java:1511)
at org.testng.TestRunner.privateRun(TestRunner.java:794)
at org.testng.TestRunner.run(TestRunner.java:596)
at org.testng.SuiteRunner.runTest(SuiteRunner.java:377)
at org.testng.SuiteRunner.access$000(SuiteRunner.java:28)
at org.testng.SuiteRunner$SuiteWorker.run(SuiteRunner.java:418)
at org.testng.internal.thread.ThreadUtil.lambda$execute$0(ThreadUtil.java:64)
at java.base/java.util.concurrent.FutureTask.run(FutureTask.java:264)
at java.base/java.util.concurrent.ThreadPoolExecutor.runWorker(ThreadPoolExecutor.java:1136)
at java.base/java.util.concurrent.ThreadPoolExecutor$Worker.run(ThreadPoolExecutor.java:635)
at java.base/java.lang.Thread.run(Thread.java:833)
Caused by: org.openqa.selenium.TimeoutException: Expected condition failed: waiting for io.appium.java_client.pagefactory.AppiumElementLocator$WaitingFunction@3ef64356 (tried for 1 second(s) with 500 milliseconds interval)
at org.openqa.selenium.support.ui.FluentWait.timeoutException(FluentWait.java:262)
at org.openqa.selenium.support.ui.FluentWait.until(FluentWait.java:230)
at io.appium.java_client.pagefactory.AppiumElementLocator.waitFor(AppiumElementLocator.java:135)
at io.appium.java_client.pagefactory.AppiumElementLocator.findElement(AppiumElementLocator.java:160)
... 28 more
Caused by: org.openqa.selenium.NoSuchElementException: Cannot locate an element using By.chained({By.xpath: //android.widget.TextView[@text="My Profile"]})
For documentation on this error, please visit: https://www.selenium.dev/documentation/webdriver/troubleshooting/errors#no-such-element-exception
Build info: version: '4.13.0', revision: 'ba948ece5b*'
System info: os.name: 'Windows 10', os.arch: 'amd64', os.version: '10.0', java.version: '17.0.6'
Driver info: driver.version: RemoteWebDriver
at io.appium.java_client.pagefactory.bys.builder.ByChained.findElement(ByChained.java:77)
at org.openqa.selenium.remote.ElementLocation$ElementFinder$1.findElement(ElementLocation.java:139)
at org.openqa.selenium.remote.ElementLocation.findElement(ElementLocation.java:59)
at org.openqa.selenium.remote.RemoteWebDriver.findElement(RemoteWebDriver.java:359)
at org.openqa.selenium.remote.RemoteWebDriver.findElement(RemoteWebDriver.java:353)
at io.appium.java_client.pagefactory.bys.ContentMappedBy.findElement(ContentMappedBy.java:53)
at org.openqa.selenium.remote.ElementLocation$ElementFinder$1.findElement(ElementLocation.java:139)
at org.openqa.selenium.remote.ElementLocation.findElement(ElementLocation.java:59)
at org.openqa.selenium.remote.RemoteWebDriver.findElement(RemoteWebDriver.java:359)
at org.openqa.selenium.remote.RemoteWebDriver.findElement(RemoteWebDriver.java:353)
at io.appium.java_client.pagefactory.AppiumElementLocator.lambda$findElement$1(AppiumElementLocator.java:160)
at io.appium.java_client.pagefactory.AppiumElementLocator$WaitingFunction.apply(AppiumElementLocator.java:217)
at io.appium.java_client.pagefactory.AppiumElementLocator$WaitingFunction.apply(AppiumElementLocator.java:210)
at org.openqa.selenium.support.ui.FluentWait.until(FluentWait.java:205)
... 30 more
]]>
    </failure>
  </testcase> <!-- myprofile -->
  <testcase classname="testCases.Bangladesh" name="hamburgerlist" time="11.032">
    <failure type="org.openqa.selenium.NoSuchElementException" message="An element could not be located on the page using the given search parameters.
For documentation on this error, please visit: https://www.selenium.dev/documentation/webdriver/troubleshooting/errors#no-such-element-exception
Build info: version: &amp;apos;4.13.0&amp;apos;, revision: &amp;apos;ba948ece5b*&amp;apos;
System info: os.name: &amp;apos;Windows 10&amp;apos;, os.arch: &amp;apos;amd64&amp;apos;, os.version: &amp;apos;10.0&amp;apos;, java.version: &amp;apos;17.0.6&amp;apos;
Driver info: io.appium.java_client.android.AndroidDriver
Command: [3313a6ffa40b2c85601740abdaff52dcd47042af, findElement {using=id, value=com.tvsm.connect.bangladesh:id/imgBack}]
Capabilities {appium:appActivity: com.tvsm.connect.SplashActi..., appium:appPackage: com.tvsm.connect.bangladesh, appium:automationName: uiautomator2, appium:bundleID: com.tvsm.connect.bangladesh, appium:bundleId: com.tvsm.connect.bangladesh, appium:chromedriverPort: 18085, appium:chromedriverPorts: [[18155, 18165]], appium:databaseEnabled: false, appium:desired: {appActivity: com.tvsm.connect.SplashActi..., appPackage: com.tvsm.connect.bangladesh, automationName: uiautomator2, bstack:options: {buildIdentifier: #26, hostName: DESKTOP-HQV51JQ, localIdentifier: 19_Jun_1621_DESKTOP_HQV51JQ...}, bundleID: com.tvsm.connect.bangladesh, bundleId: com.tvsm.connect.bangladesh, chromedriverPort: 18085, chromedriverPorts: [[18155, 18165]], deviceName: moto g32, disableSuppressAccessibilityService: true, goog:chromeOptions: {}, nativeWebScreenshot: true, newCommandTimeout: 0, platformName: Android, skipServerInstallation: true, systemPort: 8205, udid: ZD22259KSR}, appium:deviceApiLevel: 30, appium:deviceManufacturer: motorola, appium:deviceModel: moto g71 5G, appium:deviceName: ZD22259KSR, appium:deviceScreenDensity: 420, appium:deviceScreenSize: 1080x2400, appium:deviceUDID: ZD22259KSR, appium:disableSuppressAccessibilityService: true, appium:javascriptEnabled: true, appium:locationContextEnabled: false, appium:nativeWebScreenshot: true, appium:networkConnectionEnabled: true, appium:newCommandTimeout: 0, appium:optimalHubUrl: hub-aps.browserstack.com, appium:pixelRatio: 2.625, appium:platformVersion: 11, appium:skipServerInstallation: true, appium:statBarHeight: 100, appium:systemPort: 8205, appium:takesScreenshot: true, appium:udid: ZD22259KSR, appium:viewportRect: {height: 2074, left: 0, top: 100, width: 1080}, appium:warnings: {}, appium:webStorageEnabled: false, bstack:options: {buildIdentifier: #26, hostName: DESKTOP-HQV51JQ, localIdentifier: 19_Jun_1621_DESKTOP_HQV51JQ...}, goog:chromeOptions: {}, platformName: ANDROID}
Session ID: 3313a6ffa40b2c85601740abdaff52dcd47042af">
      <![CDATA[org.openqa.selenium.NoSuchElementException: An element could not be located on the page using the given search parameters.
For documentation on this error, please visit: https://www.selenium.dev/documentation/webdriver/troubleshooting/errors#no-such-element-exception
Build info: version: '4.13.0', revision: 'ba948ece5b*'
System info: os.name: 'Windows 10', os.arch: 'amd64', os.version: '10.0', java.version: '17.0.6'
Driver info: io.appium.java_client.android.AndroidDriver
Command: [3313a6ffa40b2c85601740abdaff52dcd47042af, findElement {using=id, value=com.tvsm.connect.bangladesh:id/imgBack}]
Capabilities {appium:appActivity: com.tvsm.connect.SplashActi..., appium:appPackage: com.tvsm.connect.bangladesh, appium:automationName: uiautomator2, appium:bundleID: com.tvsm.connect.bangladesh, appium:bundleId: com.tvsm.connect.bangladesh, appium:chromedriverPort: 18085, appium:chromedriverPorts: [[18155, 18165]], appium:databaseEnabled: false, appium:desired: {appActivity: com.tvsm.connect.SplashActi..., appPackage: com.tvsm.connect.bangladesh, automationName: uiautomator2, bstack:options: {buildIdentifier: #26, hostName: DESKTOP-HQV51JQ, localIdentifier: 19_Jun_1621_DESKTOP_HQV51JQ...}, bundleID: com.tvsm.connect.bangladesh, bundleId: com.tvsm.connect.bangladesh, chromedriverPort: 18085, chromedriverPorts: [[18155, 18165]], deviceName: moto g32, disableSuppressAccessibilityService: true, goog:chromeOptions: {}, nativeWebScreenshot: true, newCommandTimeout: 0, platformName: Android, skipServerInstallation: true, systemPort: 8205, udid: ZD22259KSR}, appium:deviceApiLevel: 30, appium:deviceManufacturer: motorola, appium:deviceModel: moto g71 5G, appium:deviceName: ZD22259KSR, appium:deviceScreenDensity: 420, appium:deviceScreenSize: 1080x2400, appium:deviceUDID: ZD22259KSR, appium:disableSuppressAccessibilityService: true, appium:javascriptEnabled: true, appium:locationContextEnabled: false, appium:nativeWebScreenshot: true, appium:networkConnectionEnabled: true, appium:newCommandTimeout: 0, appium:optimalHubUrl: hub-aps.browserstack.com, appium:pixelRatio: 2.625, appium:platformVersion: 11, appium:skipServerInstallation: true, appium:statBarHeight: 100, appium:systemPort: 8205, appium:takesScreenshot: true, appium:udid: ZD22259KSR, appium:viewportRect: {height: 2074, left: 0, top: 100, width: 1080}, appium:warnings: {}, appium:webStorageEnabled: false, bstack:options: {buildIdentifier: #26, hostName: DESKTOP-HQV51JQ, localIdentifier: 19_Jun_1621_DESKTOP_HQV51JQ...}, goog:chromeOptions: {}, platformName: ANDROID}
Session ID: 3313a6ffa40b2c85601740abdaff52dcd47042af
at java.base/jdk.internal.reflect.NativeConstructorAccessorImpl.newInstance0(Native Method)
at java.base/jdk.internal.reflect.NativeConstructorAccessorImpl.newInstance(NativeConstructorAccessorImpl.java:77)
at java.base/jdk.internal.reflect.DelegatingConstructorAccessorImpl.newInstance(DelegatingConstructorAccessorImpl.java:45)
at java.base/java.lang.reflect.Constructor.newInstanceWithCaller(Constructor.java:499)
at java.base/java.lang.reflect.Constructor.newInstance(Constructor.java:480)
at org.openqa.selenium.remote.codec.w3c.W3CHttpResponseCodec.createException(W3CHttpResponseCodec.java:200)
at org.openqa.selenium.remote.codec.w3c.W3CHttpResponseCodec.decode(W3CHttpResponseCodec.java:133)
at org.openqa.selenium.remote.codec.w3c.W3CHttpResponseCodec.decode(W3CHttpResponseCodec.java:52)
at org.openqa.selenium.remote.HttpCommandExecutor.execute(HttpCommandExecutor.java:191)
at io.appium.java_client.remote.AppiumCommandExecutor.execute(AppiumCommandExecutor.java:250)
at org.openqa.selenium.remote.RemoteWebDriver.execute(RemoteWebDriver.java:602)
at org.openqa.selenium.remote.ElementLocation$ElementFinder$2.findElement(ElementLocation.java:165)
at org.openqa.selenium.remote.ElementLocation.findElement(ElementLocation.java:59)
at org.openqa.selenium.remote.RemoteWebDriver.findElement(RemoteWebDriver.java:359)
at org.openqa.selenium.remote.RemoteWebDriver.findElement(RemoteWebDriver.java:353)
at utilities.AndroidActions.BackIcon(AndroidActions.java:36)
at pageObject.Hamburger.hamburgertvslogo(Hamburger.java:61)
at testCases.Bangladesh.hamburgerlist(Bangladesh.java:93)
at java.base/jdk.internal.reflect.NativeMethodAccessorImpl.invoke0(Native Method)
at java.base/jdk.internal.reflect.NativeMethodAccessorImpl.invoke(NativeMethodAccessorImpl.java:77)
at java.base/jdk.internal.reflect.DelegatingMethodAccessorImpl.invoke(DelegatingMethodAccessorImpl.java:43)
at java.base/java.lang.reflect.Method.invoke(Method.java:568)
at org.testng.internal.MethodInvocationHelper.invokeMethod(MethodInvocationHelper.java:133)
at org.testng.internal.TestInvoker.invokeMethod(TestInvoker.java:598)
at org.testng.internal.TestInvoker.invokeTestMethod(TestInvoker.java:173)
at org.testng.internal.MethodRunner.runInSequence(MethodRunner.java:46)
at org.testng.internal.TestInvoker$MethodInvocationAgent.invoke(TestInvoker.java:824)
at org.testng.internal.TestInvoker.invokeTestMethods(TestInvoker.java:146)
at org.testng.internal.TestMethodWorker.invokeTestMethods(TestMethodWorker.java:146)
at org.testng.internal.TestMethodWorker.run(TestMethodWorker.java:128)
at java.base/java.util.ArrayList.forEach(ArrayList.java:1511)
at org.testng.TestRunner.privateRun(TestRunner.java:794)
at org.testng.TestRunner.run(TestRunner.java:596)
at org.testng.SuiteRunner.runTest(SuiteRunner.java:377)
at org.testng.SuiteRunner.access$000(SuiteRunner.java:28)
at org.testng.SuiteRunner$SuiteWorker.run(SuiteRunner.java:418)
at org.testng.internal.thread.ThreadUtil.lambda$execute$0(ThreadUtil.java:64)
at java.base/java.util.concurrent.FutureTask.run(FutureTask.java:264)
at java.base/java.util.concurrent.ThreadPoolExecutor.runWorker(ThreadPoolExecutor.java:1136)
at java.base/java.util.concurrent.ThreadPoolExecutor$Worker.run(ThreadPoolExecutor.java:635)
at java.base/java.lang.Thread.run(Thread.java:833)
]]>
    </failure>
  </testcase> <!-- hamburgerlist -->
  <testcase classname="testCases.Bangladesh" name="rtr1604vridedetails" time="10.592">
    <failure type="org.openqa.selenium.NoSuchElementException" message="Can&amp;apos;t locate an element by this strategy: By.chained({By.xpath: //android.widget.TextView[@text=&amp;apos;Ride Details&amp;apos;]})">
      <![CDATA[org.openqa.selenium.NoSuchElementException: Can't locate an element by this strategy: By.chained({By.xpath: //android.widget.TextView[@text='Ride Details']})
at io.appium.java_client.pagefactory.AppiumElementLocator.findElement(AppiumElementLocator.java:166)
at io.appium.java_client.pagefactory.interceptors.InterceptorOfASingleElement.call(InterceptorOfASingleElement.java:64)
at io.appium.java_client.proxy.Interceptor.intercept(Interceptor.java:78)
at org.openqa.selenium.remote.RemoteWebElement$ByteBuddy$vMcavQKk.click(Unknown Source)
at pageObject.RTR1604vRideDetail.rtrridedetails(RTR1604vRideDetail.java:34)
at testCases.Bangladesh.rtr1604vridedetails(Bangladesh.java:106)
at java.base/jdk.internal.reflect.NativeMethodAccessorImpl.invoke0(Native Method)
at java.base/jdk.internal.reflect.NativeMethodAccessorImpl.invoke(NativeMethodAccessorImpl.java:77)
at java.base/jdk.internal.reflect.DelegatingMethodAccessorImpl.invoke(DelegatingMethodAccessorImpl.java:43)
at java.base/java.lang.reflect.Method.invoke(Method.java:568)
at org.testng.internal.MethodInvocationHelper.invokeMethod(MethodInvocationHelper.java:133)
at org.testng.internal.TestInvoker.invokeMethod(TestInvoker.java:598)
at org.testng.internal.TestInvoker.invokeTestMethod(TestInvoker.java:173)
at org.testng.internal.MethodRunner.runInSequence(MethodRunner.java:46)
at org.testng.internal.TestInvoker$MethodInvocationAgent.invoke(TestInvoker.java:824)
at org.testng.internal.TestInvoker.invokeTestMethods(TestInvoker.java:146)
at org.testng.internal.TestMethodWorker.invokeTestMethods(TestMethodWorker.java:146)
at org.testng.internal.TestMethodWorker.run(TestMethodWorker.java:128)
at java.base/java.util.ArrayList.forEach(ArrayList.java:1511)
at org.testng.TestRunner.privateRun(TestRunner.java:794)
at org.testng.TestRunner.run(TestRunner.java:596)
at org.testng.SuiteRunner.runTest(SuiteRunner.java:377)
at org.testng.SuiteRunner.access$000(SuiteRunner.java:28)
at org.testng.SuiteRunner$SuiteWorker.run(SuiteRunner.java:418)
at org.testng.internal.thread.ThreadUtil.lambda$execute$0(ThreadUtil.java:64)
at java.base/java.util.concurrent.FutureTask.run(FutureTask.java:264)
at java.base/java.util.concurrent.ThreadPoolExecutor.runWorker(ThreadPoolExecutor.java:1136)
at java.base/java.util.concurrent.ThreadPoolExecutor$Worker.run(ThreadPoolExecutor.java:635)
at java.base/java.lang.Thread.run(Thread.java:833)
Caused by: org.openqa.selenium.TimeoutException: Expected condition failed: waiting for io.appium.java_client.pagefactory.AppiumElementLocator$WaitingFunction@5b5a8652 (tried for 1 second(s) with 500 milliseconds interval)
at org.openqa.selenium.support.ui.FluentWait.timeoutException(FluentWait.java:262)
at org.openqa.selenium.support.ui.FluentWait.until(FluentWait.java:230)
at io.appium.java_client.pagefactory.AppiumElementLocator.waitFor(AppiumElementLocator.java:135)
at io.appium.java_client.pagefactory.AppiumElementLocator.findElement(AppiumElementLocator.java:160)
... 28 more
Caused by: org.openqa.selenium.NoSuchElementException: Cannot locate an element using By.chained({By.xpath: //android.widget.TextView[@text='Ride Details']})
For documentation on this error, please visit: https://www.selenium.dev/documentation/webdriver/troubleshooting/errors#no-such-element-exception
Build info: version: '4.13.0', revision: 'ba948ece5b*'
System info: os.name: 'Windows 10', os.arch: 'amd64', os.version: '10.0', java.version: '17.0.6'
Driver info: driver.version: RemoteWebDriver
at io.appium.java_client.pagefactory.bys.builder.ByChained.findElement(ByChained.java:77)
at org.openqa.selenium.remote.ElementLocation$ElementFinder$1.findElement(ElementLocation.java:139)
at org.openqa.selenium.remote.ElementLocation.findElement(ElementLocation.java:59)
at org.openqa.selenium.remote.RemoteWebDriver.findElement(RemoteWebDriver.java:359)
at org.openqa.selenium.remote.RemoteWebDriver.findElement(RemoteWebDriver.java:353)
at io.appium.java_client.pagefactory.bys.ContentMappedBy.findElement(ContentMappedBy.java:53)
at org.openqa.selenium.remote.ElementLocation$ElementFinder$1.findElement(ElementLocation.java:139)
at org.openqa.selenium.remote.ElementLocation.findElement(ElementLocation.java:59)
at org.openqa.selenium.remote.RemoteWebDriver.findElement(RemoteWebDriver.java:359)
at org.openqa.selenium.remote.RemoteWebDriver.findElement(RemoteWebDriver.java:353)
at io.appium.java_client.pagefactory.AppiumElementLocator.lambda$findElement$1(AppiumElementLocator.java:160)
at io.appium.java_client.pagefactory.AppiumElementLocator$WaitingFunction.apply(AppiumElementLocator.java:217)
at io.appium.java_client.pagefactory.AppiumElementLocator$WaitingFunction.apply(AppiumElementLocator.java:210)
at org.openqa.selenium.support.ui.FluentWait.until(FluentWait.java:205)
... 30 more
]]>
    </failure>
  </testcase> <!-- rtr1604vridedetails -->
  <testcase classname="testCases.Bangladesh" name="rtr1604vmyrideslist" time="10.704">
    <failure type="org.openqa.selenium.NoSuchElementException" message="Can&amp;apos;t locate an element by this strategy: By.chained({By.xpath: //android.widget.TextView[@text=&amp;apos;My Rides&amp;apos;]})">
      <![CDATA[org.openqa.selenium.NoSuchElementException: Can't locate an element by this strategy: By.chained({By.xpath: //android.widget.TextView[@text='My Rides']})
at io.appium.java_client.pagefactory.AppiumElementLocator.findElement(AppiumElementLocator.java:166)
at io.appium.java_client.pagefactory.interceptors.InterceptorOfASingleElement.call(InterceptorOfASingleElement.java:64)
at io.appium.java_client.proxy.Interceptor.intercept(Interceptor.java:78)
at org.openqa.selenium.remote.RemoteWebElement$ByteBuddy$OoL6qb8d.click(Unknown Source)
at pageObject.MyRides.rtr1604vmyrides(MyRides.java:22)
at testCases.Bangladesh.rtr1604vmyrideslist(Bangladesh.java:114)
at java.base/jdk.internal.reflect.NativeMethodAccessorImpl.invoke0(Native Method)
at java.base/jdk.internal.reflect.NativeMethodAccessorImpl.invoke(NativeMethodAccessorImpl.java:77)
at java.base/jdk.internal.reflect.DelegatingMethodAccessorImpl.invoke(DelegatingMethodAccessorImpl.java:43)
at java.base/java.lang.reflect.Method.invoke(Method.java:568)
at org.testng.internal.MethodInvocationHelper.invokeMethod(MethodInvocationHelper.java:133)
at org.testng.internal.TestInvoker.invokeMethod(TestInvoker.java:598)
at org.testng.internal.TestInvoker.invokeTestMethod(TestInvoker.java:173)
at org.testng.internal.MethodRunner.runInSequence(MethodRunner.java:46)
at org.testng.internal.TestInvoker$MethodInvocationAgent.invoke(TestInvoker.java:824)
at org.testng.internal.TestInvoker.invokeTestMethods(TestInvoker.java:146)
at org.testng.internal.TestMethodWorker.invokeTestMethods(TestMethodWorker.java:146)
at org.testng.internal.TestMethodWorker.run(TestMethodWorker.java:128)
at java.base/java.util.ArrayList.forEach(ArrayList.java:1511)
at org.testng.TestRunner.privateRun(TestRunner.java:794)
at org.testng.TestRunner.run(TestRunner.java:596)
at org.testng.SuiteRunner.runTest(SuiteRunner.java:377)
at org.testng.SuiteRunner.access$000(SuiteRunner.java:28)
at org.testng.SuiteRunner$SuiteWorker.run(SuiteRunner.java:418)
at org.testng.internal.thread.ThreadUtil.lambda$execute$0(ThreadUtil.java:64)
at java.base/java.util.concurrent.FutureTask.run(FutureTask.java:264)
at java.base/java.util.concurrent.ThreadPoolExecutor.runWorker(ThreadPoolExecutor.java:1136)
at java.base/java.util.concurrent.ThreadPoolExecutor$Worker.run(ThreadPoolExecutor.java:635)
at java.base/java.lang.Thread.run(Thread.java:833)
Caused by: org.openqa.selenium.TimeoutException: Expected condition failed: waiting for io.appium.java_client.pagefactory.AppiumElementLocator$WaitingFunction@26383c5a (tried for 1 second(s) with 500 milliseconds interval)
at org.openqa.selenium.support.ui.FluentWait.timeoutException(FluentWait.java:262)
at org.openqa.selenium.support.ui.FluentWait.until(FluentWait.java:230)
at io.appium.java_client.pagefactory.AppiumElementLocator.waitFor(AppiumElementLocator.java:135)
at io.appium.java_client.pagefactory.AppiumElementLocator.findElement(AppiumElementLocator.java:160)
... 28 more
Caused by: org.openqa.selenium.NoSuchElementException: Cannot locate an element using By.chained({By.xpath: //android.widget.TextView[@text='My Rides']})
For documentation on this error, please visit: https://www.selenium.dev/documentation/webdriver/troubleshooting/errors#no-such-element-exception
Build info: version: '4.13.0', revision: 'ba948ece5b*'
System info: os.name: 'Windows 10', os.arch: 'amd64', os.version: '10.0', java.version: '17.0.6'
Driver info: driver.version: RemoteWebDriver
at io.appium.java_client.pagefactory.bys.builder.ByChained.findElement(ByChained.java:77)
at org.openqa.selenium.remote.ElementLocation$ElementFinder$1.findElement(ElementLocation.java:139)
at org.openqa.selenium.remote.ElementLocation.findElement(ElementLocation.java:59)
at org.openqa.selenium.remote.RemoteWebDriver.findElement(RemoteWebDriver.java:359)
at org.openqa.selenium.remote.RemoteWebDriver.findElement(RemoteWebDriver.java:353)
at io.appium.java_client.pagefactory.bys.ContentMappedBy.findElement(ContentMappedBy.java:53)
at org.openqa.selenium.remote.ElementLocation$ElementFinder$1.findElement(ElementLocation.java:139)
at org.openqa.selenium.remote.ElementLocation.findElement(ElementLocation.java:59)
at org.openqa.selenium.remote.RemoteWebDriver.findElement(RemoteWebDriver.java:359)
at org.openqa.selenium.remote.RemoteWebDriver.findElement(RemoteWebDriver.java:353)
at io.appium.java_client.pagefactory.AppiumElementLocator.lambda$findElement$1(AppiumElementLocator.java:160)
at io.appium.java_client.pagefactory.AppiumElementLocator$WaitingFunction.apply(AppiumElementLocator.java:217)
at io.appium.java_client.pagefactory.AppiumElementLocator$WaitingFunction.apply(AppiumElementLocator.java:210)
at org.openqa.selenium.support.ui.FluentWait.until(FluentWait.java:205)
... 30 more
]]>
    </failure>
  </testcase> <!-- rtr1604vmyrideslist -->
  <testcase classname="testCases.Bangladesh" name="rtr1604vmytour" time="10.62">
    <failure type="org.openqa.selenium.NoSuchElementException" message="Can&amp;apos;t locate an element by this strategy: By.chained({By.xpath: //android.widget.TextView[@text=&amp;apos;My Tours&amp;apos;]})">
      <![CDATA[org.openqa.selenium.NoSuchElementException: Can't locate an element by this strategy: By.chained({By.xpath: //android.widget.TextView[@text='My Tours']})
at io.appium.java_client.pagefactory.AppiumElementLocator.findElement(AppiumElementLocator.java:166)
at io.appium.java_client.pagefactory.interceptors.InterceptorOfASingleElement.call(InterceptorOfASingleElement.java:64)
at io.appium.java_client.proxy.Interceptor.intercept(Interceptor.java:78)
at org.openqa.selenium.remote.RemoteWebElement$ByteBuddy$2hb9c5T1.click(Unknown Source)
at pageObject.RTR1604vMyTour.mytour(RTR1604vMyTour.java:22)
at testCases.Bangladesh.rtr1604vmytour(Bangladesh.java:122)
at java.base/jdk.internal.reflect.NativeMethodAccessorImpl.invoke0(Native Method)
at java.base/jdk.internal.reflect.NativeMethodAccessorImpl.invoke(NativeMethodAccessorImpl.java:77)
at java.base/jdk.internal.reflect.DelegatingMethodAccessorImpl.invoke(DelegatingMethodAccessorImpl.java:43)
at java.base/java.lang.reflect.Method.invoke(Method.java:568)
at org.testng.internal.MethodInvocationHelper.invokeMethod(MethodInvocationHelper.java:133)
at org.testng.internal.TestInvoker.invokeMethod(TestInvoker.java:598)
at org.testng.internal.TestInvoker.invokeTestMethod(TestInvoker.java:173)
at org.testng.internal.MethodRunner.runInSequence(MethodRunner.java:46)
at org.testng.internal.TestInvoker$MethodInvocationAgent.invoke(TestInvoker.java:824)
at org.testng.internal.TestInvoker.invokeTestMethods(TestInvoker.java:146)
at org.testng.internal.TestMethodWorker.invokeTestMethods(TestMethodWorker.java:146)
at org.testng.internal.TestMethodWorker.run(TestMethodWorker.java:128)
at java.base/java.util.ArrayList.forEach(ArrayList.java:1511)
at org.testng.TestRunner.privateRun(TestRunner.java:794)
at org.testng.TestRunner.run(TestRunner.java:596)
at org.testng.SuiteRunner.runTest(SuiteRunner.java:377)
at org.testng.SuiteRunner.access$000(SuiteRunner.java:28)
at org.testng.SuiteRunner$SuiteWorker.run(SuiteRunner.java:418)
at org.testng.internal.thread.ThreadUtil.lambda$execute$0(ThreadUtil.java:64)
at java.base/java.util.concurrent.FutureTask.run(FutureTask.java:264)
at java.base/java.util.concurrent.ThreadPoolExecutor.runWorker(ThreadPoolExecutor.java:1136)
at java.base/java.util.concurrent.ThreadPoolExecutor$Worker.run(ThreadPoolExecutor.java:635)
at java.base/java.lang.Thread.run(Thread.java:833)
Caused by: org.openqa.selenium.TimeoutException: Expected condition failed: waiting for io.appium.java_client.pagefactory.AppiumElementLocator$WaitingFunction@6606cb60 (tried for 1 second(s) with 500 milliseconds interval)
at org.openqa.selenium.support.ui.FluentWait.timeoutException(FluentWait.java:262)
at org.openqa.selenium.support.ui.FluentWait.until(FluentWait.java:230)
at io.appium.java_client.pagefactory.AppiumElementLocator.waitFor(AppiumElementLocator.java:135)
at io.appium.java_client.pagefactory.AppiumElementLocator.findElement(AppiumElementLocator.java:160)
... 28 more
Caused by: org.openqa.selenium.NoSuchElementException: Cannot locate an element using By.chained({By.xpath: //android.widget.TextView[@text='My Tours']})
For documentation on this error, please visit: https://www.selenium.dev/documentation/webdriver/troubleshooting/errors#no-such-element-exception
Build info: version: '4.13.0', revision: 'ba948ece5b*'
System info: os.name: 'Windows 10', os.arch: 'amd64', os.version: '10.0', java.version: '17.0.6'
Driver info: driver.version: RemoteWebDriver
at io.appium.java_client.pagefactory.bys.builder.ByChained.findElement(ByChained.java:77)
at org.openqa.selenium.remote.ElementLocation$ElementFinder$1.findElement(ElementLocation.java:139)
at org.openqa.selenium.remote.ElementLocation.findElement(ElementLocation.java:59)
at org.openqa.selenium.remote.RemoteWebDriver.findElement(RemoteWebDriver.java:359)
at org.openqa.selenium.remote.RemoteWebDriver.findElement(RemoteWebDriver.java:353)
at io.appium.java_client.pagefactory.bys.ContentMappedBy.findElement(ContentMappedBy.java:53)
at org.openqa.selenium.remote.ElementLocation$ElementFinder$1.findElement(ElementLocation.java:139)
at org.openqa.selenium.remote.ElementLocation.findElement(ElementLocation.java:59)
at org.openqa.selenium.remote.RemoteWebDriver.findElement(RemoteWebDriver.java:359)
at org.openqa.selenium.remote.RemoteWebDriver.findElement(RemoteWebDriver.java:353)
at io.appium.java_client.pagefactory.AppiumElementLocator.lambda$findElement$1(AppiumElementLocator.java:160)
at io.appium.java_client.pagefactory.AppiumElementLocator$WaitingFunction.apply(AppiumElementLocator.java:217)
at io.appium.java_client.pagefactory.AppiumElementLocator$WaitingFunction.apply(AppiumElementLocator.java:210)
at org.openqa.selenium.support.ui.FluentWait.until(FluentWait.java:205)
... 30 more
]]>
    </failure>
  </testcase> <!-- rtr1604vmytour -->
  <testcase classname="testCases.Bangladesh" name="rtr1604vknowyourbike" time="10.658">
    <failure type="org.openqa.selenium.NoSuchElementException" message="Can&amp;apos;t locate an element by this strategy: By.chained({By.xpath: //*[contains(@text,&amp;apos;Know&amp;apos;)]})">
      <![CDATA[org.openqa.selenium.NoSuchElementException: Can't locate an element by this strategy: By.chained({By.xpath: //*[contains(@text,'Know')]})
at io.appium.java_client.pagefactory.AppiumElementLocator.findElement(AppiumElementLocator.java:166)
at io.appium.java_client.pagefactory.interceptors.InterceptorOfASingleElement.call(InterceptorOfASingleElement.java:64)
at io.appium.java_client.proxy.Interceptor.intercept(Interceptor.java:78)
at org.openqa.selenium.remote.RemoteWebElement$ByteBuddy$Tcvkfmgw.click(Unknown Source)
at pageObject.RTR1604vKnowYourBike.knowyourbike(RTR1604vKnowYourBike.java:21)
at testCases.Bangladesh.rtr1604vknowyourbike(Bangladesh.java:131)
at java.base/jdk.internal.reflect.NativeMethodAccessorImpl.invoke0(Native Method)
at java.base/jdk.internal.reflect.NativeMethodAccessorImpl.invoke(NativeMethodAccessorImpl.java:77)
at java.base/jdk.internal.reflect.DelegatingMethodAccessorImpl.invoke(DelegatingMethodAccessorImpl.java:43)
at java.base/java.lang.reflect.Method.invoke(Method.java:568)
at org.testng.internal.MethodInvocationHelper.invokeMethod(MethodInvocationHelper.java:133)
at org.testng.internal.TestInvoker.invokeMethod(TestInvoker.java:598)
at org.testng.internal.TestInvoker.invokeTestMethod(TestInvoker.java:173)
at org.testng.internal.MethodRunner.runInSequence(MethodRunner.java:46)
at org.testng.internal.TestInvoker$MethodInvocationAgent.invoke(TestInvoker.java:824)
at org.testng.internal.TestInvoker.invokeTestMethods(TestInvoker.java:146)
at org.testng.internal.TestMethodWorker.invokeTestMethods(TestMethodWorker.java:146)
at org.testng.internal.TestMethodWorker.run(TestMethodWorker.java:128)
at java.base/java.util.ArrayList.forEach(ArrayList.java:1511)
at org.testng.TestRunner.privateRun(TestRunner.java:794)
at org.testng.TestRunner.run(TestRunner.java:596)
at org.testng.SuiteRunner.runTest(SuiteRunner.java:377)
at org.testng.SuiteRunner.access$000(SuiteRunner.java:28)
at org.testng.SuiteRunner$SuiteWorker.run(SuiteRunner.java:418)
at org.testng.internal.thread.ThreadUtil.lambda$execute$0(ThreadUtil.java:64)
at java.base/java.util.concurrent.FutureTask.run(FutureTask.java:264)
at java.base/java.util.concurrent.ThreadPoolExecutor.runWorker(ThreadPoolExecutor.java:1136)
at java.base/java.util.concurrent.ThreadPoolExecutor$Worker.run(ThreadPoolExecutor.java:635)
at java.base/java.lang.Thread.run(Thread.java:833)
Caused by: org.openqa.selenium.TimeoutException: Expected condition failed: waiting for io.appium.java_client.pagefactory.AppiumElementLocator$WaitingFunction@4ef553e0 (tried for 1 second(s) with 500 milliseconds interval)
at org.openqa.selenium.support.ui.FluentWait.timeoutException(FluentWait.java:262)
at org.openqa.selenium.support.ui.FluentWait.until(FluentWait.java:230)
at io.appium.java_client.pagefactory.AppiumElementLocator.waitFor(AppiumElementLocator.java:135)
at io.appium.java_client.pagefactory.AppiumElementLocator.findElement(AppiumElementLocator.java:160)
... 28 more
Caused by: org.openqa.selenium.NoSuchElementException: Cannot locate an element using By.chained({By.xpath: //*[contains(@text,'Know')]})
For documentation on this error, please visit: https://www.selenium.dev/documentation/webdriver/troubleshooting/errors#no-such-element-exception
Build info: version: '4.13.0', revision: 'ba948ece5b*'
System info: os.name: 'Windows 10', os.arch: 'amd64', os.version: '10.0', java.version: '17.0.6'
Driver info: driver.version: RemoteWebDriver
at io.appium.java_client.pagefactory.bys.builder.ByChained.findElement(ByChained.java:77)
at org.openqa.selenium.remote.ElementLocation$ElementFinder$1.findElement(ElementLocation.java:139)
at org.openqa.selenium.remote.ElementLocation.findElement(ElementLocation.java:59)
at org.openqa.selenium.remote.RemoteWebDriver.findElement(RemoteWebDriver.java:359)
at org.openqa.selenium.remote.RemoteWebDriver.findElement(RemoteWebDriver.java:353)
at io.appium.java_client.pagefactory.bys.ContentMappedBy.findElement(ContentMappedBy.java:53)
at org.openqa.selenium.remote.ElementLocation$ElementFinder$1.findElement(ElementLocation.java:139)
at org.openqa.selenium.remote.ElementLocation.findElement(ElementLocation.java:59)
at org.openqa.selenium.remote.RemoteWebDriver.findElement(RemoteWebDriver.java:359)
at org.openqa.selenium.remote.RemoteWebDriver.findElement(RemoteWebDriver.java:353)
at io.appium.java_client.pagefactory.AppiumElementLocator.lambda$findElement$1(AppiumElementLocator.java:160)
at io.appium.java_client.pagefactory.AppiumElementLocator$WaitingFunction.apply(AppiumElementLocator.java:217)
at io.appium.java_client.pagefactory.AppiumElementLocator$WaitingFunction.apply(AppiumElementLocator.java:210)
at org.openqa.selenium.support.ui.FluentWait.until(FluentWait.java:205)
... 30 more
]]>
    </failure>
  </testcase> <!-- rtr1604vknowyourbike -->
  <testcase classname="testCases.Bangladesh" name="rtr1604vsettings" time="10.971">
    <failure type="org.openqa.selenium.NoSuchElementException" message="Can&amp;apos;t locate an element by this strategy: By.chained({By.xpath: //android.widget.TextView[@text=&amp;apos;Settings&amp;apos;]})">
      <![CDATA[org.openqa.selenium.NoSuchElementException: Can't locate an element by this strategy: By.chained({By.xpath: //android.widget.TextView[@text='Settings']})
at io.appium.java_client.pagefactory.AppiumElementLocator.findElement(AppiumElementLocator.java:166)
at io.appium.java_client.pagefactory.interceptors.InterceptorOfASingleElement.call(InterceptorOfASingleElement.java:64)
at io.appium.java_client.proxy.Interceptor.intercept(Interceptor.java:78)
at org.openqa.selenium.remote.RemoteWebElement$ByteBuddy$hz98xi6Z.click(Unknown Source)
at pageObject.RTR1604vSettings.settings(RTR1604vSettings.java:37)
at testCases.Bangladesh.rtr1604vsettings(Bangladesh.java:139)
at java.base/jdk.internal.reflect.NativeMethodAccessorImpl.invoke0(Native Method)
at java.base/jdk.internal.reflect.NativeMethodAccessorImpl.invoke(NativeMethodAccessorImpl.java:77)
at java.base/jdk.internal.reflect.DelegatingMethodAccessorImpl.invoke(DelegatingMethodAccessorImpl.java:43)
at java.base/java.lang.reflect.Method.invoke(Method.java:568)
at org.testng.internal.MethodInvocationHelper.invokeMethod(MethodInvocationHelper.java:133)
at org.testng.internal.TestInvoker.invokeMethod(TestInvoker.java:598)
at org.testng.internal.TestInvoker.invokeTestMethod(TestInvoker.java:173)
at org.testng.internal.MethodRunner.runInSequence(MethodRunner.java:46)
at org.testng.internal.TestInvoker$MethodInvocationAgent.invoke(TestInvoker.java:824)
at org.testng.internal.TestInvoker.invokeTestMethods(TestInvoker.java:146)
at org.testng.internal.TestMethodWorker.invokeTestMethods(TestMethodWorker.java:146)
at org.testng.internal.TestMethodWorker.run(TestMethodWorker.java:128)
at java.base/java.util.ArrayList.forEach(ArrayList.java:1511)
at org.testng.TestRunner.privateRun(TestRunner.java:794)
at org.testng.TestRunner.run(TestRunner.java:596)
at org.testng.SuiteRunner.runTest(SuiteRunner.java:377)
at org.testng.SuiteRunner.access$000(SuiteRunner.java:28)
at org.testng.SuiteRunner$SuiteWorker.run(SuiteRunner.java:418)
at org.testng.internal.thread.ThreadUtil.lambda$execute$0(ThreadUtil.java:64)
at java.base/java.util.concurrent.FutureTask.run(FutureTask.java:264)
at java.base/java.util.concurrent.ThreadPoolExecutor.runWorker(ThreadPoolExecutor.java:1136)
at java.base/java.util.concurrent.ThreadPoolExecutor$Worker.run(ThreadPoolExecutor.java:635)
at java.base/java.lang.Thread.run(Thread.java:833)
Caused by: org.openqa.selenium.TimeoutException: Expected condition failed: waiting for io.appium.java_client.pagefactory.AppiumElementLocator$WaitingFunction@1bb2fd91 (tried for 1 second(s) with 500 milliseconds interval)
at org.openqa.selenium.support.ui.FluentWait.timeoutException(FluentWait.java:262)
at org.openqa.selenium.support.ui.FluentWait.until(FluentWait.java:230)
at io.appium.java_client.pagefactory.AppiumElementLocator.waitFor(AppiumElementLocator.java:135)
at io.appium.java_client.pagefactory.AppiumElementLocator.findElement(AppiumElementLocator.java:160)
... 28 more
Caused by: org.openqa.selenium.NoSuchElementException: Cannot locate an element using By.chained({By.xpath: //android.widget.TextView[@text='Settings']})
For documentation on this error, please visit: https://www.selenium.dev/documentation/webdriver/troubleshooting/errors#no-such-element-exception
Build info: version: '4.13.0', revision: 'ba948ece5b*'
System info: os.name: 'Windows 10', os.arch: 'amd64', os.version: '10.0', java.version: '17.0.6'
Driver info: driver.version: RemoteWebDriver
at io.appium.java_client.pagefactory.bys.builder.ByChained.findElement(ByChained.java:77)
at org.openqa.selenium.remote.ElementLocation$ElementFinder$1.findElement(ElementLocation.java:139)
at org.openqa.selenium.remote.ElementLocation.findElement(ElementLocation.java:59)
at org.openqa.selenium.remote.RemoteWebDriver.findElement(RemoteWebDriver.java:359)
at org.openqa.selenium.remote.RemoteWebDriver.findElement(RemoteWebDriver.java:353)
at io.appium.java_client.pagefactory.bys.ContentMappedBy.findElement(ContentMappedBy.java:53)
at org.openqa.selenium.remote.ElementLocation$ElementFinder$1.findElement(ElementLocation.java:139)
at org.openqa.selenium.remote.ElementLocation.findElement(ElementLocation.java:59)
at org.openqa.selenium.remote.RemoteWebDriver.findElement(RemoteWebDriver.java:359)
at org.openqa.selenium.remote.RemoteWebDriver.findElement(RemoteWebDriver.java:353)
at io.appium.java_client.pagefactory.AppiumElementLocator.lambda$findElement$1(AppiumElementLocator.java:160)
at io.appium.java_client.pagefactory.AppiumElementLocator$WaitingFunction.apply(AppiumElementLocator.java:217)
at io.appium.java_client.pagefactory.AppiumElementLocator$WaitingFunction.apply(AppiumElementLocator.java:210)
at org.openqa.selenium.support.ui.FluentWait.until(FluentWait.java:205)
... 30 more
]]>
    </failure>
  </testcase> <!-- rtr1604vsettings -->
  <testcase classname="testCases.Bangladesh" name="rtr1604vlastparklocation" time="10.665">
    <failure type="org.openqa.selenium.NoSuchElementException" message="Can&amp;apos;t locate an element by this strategy: By.chained({By.xpath: //android.widget.TextView[@text=&amp;apos;Last Parked Location&amp;apos;]})">
      <![CDATA[org.openqa.selenium.NoSuchElementException: Can't locate an element by this strategy: By.chained({By.xpath: //android.widget.TextView[@text='Last Parked Location']})
at io.appium.java_client.pagefactory.AppiumElementLocator.findElement(AppiumElementLocator.java:166)
at io.appium.java_client.pagefactory.interceptors.InterceptorOfASingleElement.call(InterceptorOfASingleElement.java:64)
at io.appium.java_client.proxy.Interceptor.intercept(Interceptor.java:78)
at org.openqa.selenium.remote.RemoteWebElement$ByteBuddy$TKieX48G.click(Unknown Source)
at pageObject.RTR1604vLastParkedLocation.lastparkLocation(RTR1604vLastParkedLocation.java:25)
at testCases.Bangladesh.rtr1604vlastparklocation(Bangladesh.java:149)
at java.base/jdk.internal.reflect.NativeMethodAccessorImpl.invoke0(Native Method)
at java.base/jdk.internal.reflect.NativeMethodAccessorImpl.invoke(NativeMethodAccessorImpl.java:77)
at java.base/jdk.internal.reflect.DelegatingMethodAccessorImpl.invoke(DelegatingMethodAccessorImpl.java:43)
at java.base/java.lang.reflect.Method.invoke(Method.java:568)
at org.testng.internal.MethodInvocationHelper.invokeMethod(MethodInvocationHelper.java:133)
at org.testng.internal.TestInvoker.invokeMethod(TestInvoker.java:598)
at org.testng.internal.TestInvoker.invokeTestMethod(TestInvoker.java:173)
at org.testng.internal.MethodRunner.runInSequence(MethodRunner.java:46)
at org.testng.internal.TestInvoker$MethodInvocationAgent.invoke(TestInvoker.java:824)
at org.testng.internal.TestInvoker.invokeTestMethods(TestInvoker.java:146)
at org.testng.internal.TestMethodWorker.invokeTestMethods(TestMethodWorker.java:146)
at org.testng.internal.TestMethodWorker.run(TestMethodWorker.java:128)
at java.base/java.util.ArrayList.forEach(ArrayList.java:1511)
at org.testng.TestRunner.privateRun(TestRunner.java:794)
at org.testng.TestRunner.run(TestRunner.java:596)
at org.testng.SuiteRunner.runTest(SuiteRunner.java:377)
at org.testng.SuiteRunner.access$000(SuiteRunner.java:28)
at org.testng.SuiteRunner$SuiteWorker.run(SuiteRunner.java:418)
at org.testng.internal.thread.ThreadUtil.lambda$execute$0(ThreadUtil.java:64)
at java.base/java.util.concurrent.FutureTask.run(FutureTask.java:264)
at java.base/java.util.concurrent.ThreadPoolExecutor.runWorker(ThreadPoolExecutor.java:1136)
at java.base/java.util.concurrent.ThreadPoolExecutor$Worker.run(ThreadPoolExecutor.java:635)
at java.base/java.lang.Thread.run(Thread.java:833)
Caused by: org.openqa.selenium.TimeoutException: Expected condition failed: waiting for io.appium.java_client.pagefactory.AppiumElementLocator$WaitingFunction@56436ecf (tried for 1 second(s) with 500 milliseconds interval)
at org.openqa.selenium.support.ui.FluentWait.timeoutException(FluentWait.java:262)
at org.openqa.selenium.support.ui.FluentWait.until(FluentWait.java:230)
at io.appium.java_client.pagefactory.AppiumElementLocator.waitFor(AppiumElementLocator.java:135)
at io.appium.java_client.pagefactory.AppiumElementLocator.findElement(AppiumElementLocator.java:160)
... 28 more
Caused by: org.openqa.selenium.NoSuchElementException: Cannot locate an element using By.chained({By.xpath: //android.widget.TextView[@text='Last Parked Location']})
For documentation on this error, please visit: https://www.selenium.dev/documentation/webdriver/troubleshooting/errors#no-such-element-exception
Build info: version: '4.13.0', revision: 'ba948ece5b*'
System info: os.name: 'Windows 10', os.arch: 'amd64', os.version: '10.0', java.version: '17.0.6'
Driver info: driver.version: RemoteWebDriver
at io.appium.java_client.pagefactory.bys.builder.ByChained.findElement(ByChained.java:77)
at org.openqa.selenium.remote.ElementLocation$ElementFinder$1.findElement(ElementLocation.java:139)
at org.openqa.selenium.remote.ElementLocation.findElement(ElementLocation.java:59)
at org.openqa.selenium.remote.RemoteWebDriver.findElement(RemoteWebDriver.java:359)
at org.openqa.selenium.remote.RemoteWebDriver.findElement(RemoteWebDriver.java:353)
at io.appium.java_client.pagefactory.bys.ContentMappedBy.findElement(ContentMappedBy.java:53)
at org.openqa.selenium.remote.ElementLocation$ElementFinder$1.findElement(ElementLocation.java:139)
at org.openqa.selenium.remote.ElementLocation.findElement(ElementLocation.java:59)
at org.openqa.selenium.remote.RemoteWebDriver.findElement(RemoteWebDriver.java:359)
at org.openqa.selenium.remote.RemoteWebDriver.findElement(RemoteWebDriver.java:353)
at io.appium.java_client.pagefactory.AppiumElementLocator.lambda$findElement$1(AppiumElementLocator.java:160)
at io.appium.java_client.pagefactory.AppiumElementLocator$WaitingFunction.apply(AppiumElementLocator.java:217)
at io.appium.java_client.pagefactory.AppiumElementLocator$WaitingFunction.apply(AppiumElementLocator.java:210)
at org.openqa.selenium.support.ui.FluentWait.until(FluentWait.java:205)
... 30 more
]]>
    </failure>
  </testcase> <!-- rtr1604vlastparklocation -->
  <testcase classname="testCases.Bangladesh" name="addracingeditionvehicle" time="10.262">
    <failure type="org.openqa.selenium.NoSuchElementException" message="An element could not be located on the page using the given search parameters.
For documentation on this error, please visit: https://www.selenium.dev/documentation/webdriver/troubleshooting/errors#no-such-element-exception
Build info: version: &amp;apos;4.13.0&amp;apos;, revision: &amp;apos;ba948ece5b*&amp;apos;
System info: os.name: &amp;apos;Windows 10&amp;apos;, os.arch: &amp;apos;amd64&amp;apos;, os.version: &amp;apos;10.0&amp;apos;, java.version: &amp;apos;17.0.6&amp;apos;
Driver info: io.appium.java_client.android.AndroidDriver
Command: [3313a6ffa40b2c85601740abdaff52dcd47042af, findElement {using=id, value=com.tvsm.connect.bangladesh:id/menu_add_new_bike}]
Capabilities {appium:appActivity: com.tvsm.connect.SplashActi..., appium:appPackage: com.tvsm.connect.bangladesh, appium:automationName: uiautomator2, appium:bundleID: com.tvsm.connect.bangladesh, appium:bundleId: com.tvsm.connect.bangladesh, appium:chromedriverPort: 18085, appium:chromedriverPorts: [[18155, 18165]], appium:databaseEnabled: false, appium:desired: {appActivity: com.tvsm.connect.SplashActi..., appPackage: com.tvsm.connect.bangladesh, automationName: uiautomator2, bstack:options: {buildIdentifier: #26, hostName: DESKTOP-HQV51JQ, localIdentifier: 19_Jun_1621_DESKTOP_HQV51JQ...}, bundleID: com.tvsm.connect.bangladesh, bundleId: com.tvsm.connect.bangladesh, chromedriverPort: 18085, chromedriverPorts: [[18155, 18165]], deviceName: moto g32, disableSuppressAccessibilityService: true, goog:chromeOptions: {}, nativeWebScreenshot: true, newCommandTimeout: 0, platformName: Android, skipServerInstallation: true, systemPort: 8205, udid: ZD22259KSR}, appium:deviceApiLevel: 30, appium:deviceManufacturer: motorola, appium:deviceModel: moto g71 5G, appium:deviceName: ZD22259KSR, appium:deviceScreenDensity: 420, appium:deviceScreenSize: 1080x2400, appium:deviceUDID: ZD22259KSR, appium:disableSuppressAccessibilityService: true, appium:javascriptEnabled: true, appium:locationContextEnabled: false, appium:nativeWebScreenshot: true, appium:networkConnectionEnabled: true, appium:newCommandTimeout: 0, appium:optimalHubUrl: hub-aps.browserstack.com, appium:pixelRatio: 2.625, appium:platformVersion: 11, appium:skipServerInstallation: true, appium:statBarHeight: 100, appium:systemPort: 8205, appium:takesScreenshot: true, appium:udid: ZD22259KSR, appium:viewportRect: {height: 2074, left: 0, top: 100, width: 1080}, appium:warnings: {}, appium:webStorageEnabled: false, bstack:options: {buildIdentifier: #26, hostName: DESKTOP-HQV51JQ, localIdentifier: 19_Jun_1621_DESKTOP_HQV51JQ...}, goog:chromeOptions: {}, platformName: ANDROID}
Session ID: 3313a6ffa40b2c85601740abdaff52dcd47042af">
      <![CDATA[org.openqa.selenium.NoSuchElementException: An element could not be located on the page using the given search parameters.
For documentation on this error, please visit: https://www.selenium.dev/documentation/webdriver/troubleshooting/errors#no-such-element-exception
Build info: version: '4.13.0', revision: 'ba948ece5b*'
System info: os.name: 'Windows 10', os.arch: 'amd64', os.version: '10.0', java.version: '17.0.6'
Driver info: io.appium.java_client.android.AndroidDriver
Command: [3313a6ffa40b2c85601740abdaff52dcd47042af, findElement {using=id, value=com.tvsm.connect.bangladesh:id/menu_add_new_bike}]
Capabilities {appium:appActivity: com.tvsm.connect.SplashActi..., appium:appPackage: com.tvsm.connect.bangladesh, appium:automationName: uiautomator2, appium:bundleID: com.tvsm.connect.bangladesh, appium:bundleId: com.tvsm.connect.bangladesh, appium:chromedriverPort: 18085, appium:chromedriverPorts: [[18155, 18165]], appium:databaseEnabled: false, appium:desired: {appActivity: com.tvsm.connect.SplashActi..., appPackage: com.tvsm.connect.bangladesh, automationName: uiautomator2, bstack:options: {buildIdentifier: #26, hostName: DESKTOP-HQV51JQ, localIdentifier: 19_Jun_1621_DESKTOP_HQV51JQ...}, bundleID: com.tvsm.connect.bangladesh, bundleId: com.tvsm.connect.bangladesh, chromedriverPort: 18085, chromedriverPorts: [[18155, 18165]], deviceName: moto g32, disableSuppressAccessibilityService: true, goog:chromeOptions: {}, nativeWebScreenshot: true, newCommandTimeout: 0, platformName: Android, skipServerInstallation: true, systemPort: 8205, udid: ZD22259KSR}, appium:deviceApiLevel: 30, appium:deviceManufacturer: motorola, appium:deviceModel: moto g71 5G, appium:deviceName: ZD22259KSR, appium:deviceScreenDensity: 420, appium:deviceScreenSize: 1080x2400, appium:deviceUDID: ZD22259KSR, appium:disableSuppressAccessibilityService: true, appium:javascriptEnabled: true, appium:locationContextEnabled: false, appium:nativeWebScreenshot: true, appium:networkConnectionEnabled: true, appium:newCommandTimeout: 0, appium:optimalHubUrl: hub-aps.browserstack.com, appium:pixelRatio: 2.625, appium:platformVersion: 11, appium:skipServerInstallation: true, appium:statBarHeight: 100, appium:systemPort: 8205, appium:takesScreenshot: true, appium:udid: ZD22259KSR, appium:viewportRect: {height: 2074, left: 0, top: 100, width: 1080}, appium:warnings: {}, appium:webStorageEnabled: false, bstack:options: {buildIdentifier: #26, hostName: DESKTOP-HQV51JQ, localIdentifier: 19_Jun_1621_DESKTOP_HQV51JQ...}, goog:chromeOptions: {}, platformName: ANDROID}
Session ID: 3313a6ffa40b2c85601740abdaff52dcd47042af
at java.base/jdk.internal.reflect.NativeConstructorAccessorImpl.newInstance0(Native Method)
at java.base/jdk.internal.reflect.NativeConstructorAccessorImpl.newInstance(NativeConstructorAccessorImpl.java:77)
at java.base/jdk.internal.reflect.DelegatingConstructorAccessorImpl.newInstance(DelegatingConstructorAccessorImpl.java:45)
at java.base/java.lang.reflect.Constructor.newInstanceWithCaller(Constructor.java:499)
at java.base/java.lang.reflect.Constructor.newInstance(Constructor.java:480)
at org.openqa.selenium.remote.codec.w3c.W3CHttpResponseCodec.createException(W3CHttpResponseCodec.java:200)
at org.openqa.selenium.remote.codec.w3c.W3CHttpResponseCodec.decode(W3CHttpResponseCodec.java:133)
at org.openqa.selenium.remote.codec.w3c.W3CHttpResponseCodec.decode(W3CHttpResponseCodec.java:52)
at org.openqa.selenium.remote.HttpCommandExecutor.execute(HttpCommandExecutor.java:191)
at io.appium.java_client.remote.AppiumCommandExecutor.execute(AppiumCommandExecutor.java:250)
at org.openqa.selenium.remote.RemoteWebDriver.execute(RemoteWebDriver.java:602)
at org.openqa.selenium.remote.ElementLocation$ElementFinder$2.findElement(ElementLocation.java:165)
at org.openqa.selenium.remote.ElementLocation.findElement(ElementLocation.java:59)
at org.openqa.selenium.remote.RemoteWebDriver.findElement(RemoteWebDriver.java:359)
at org.openqa.selenium.remote.RemoteWebDriver.findElement(RemoteWebDriver.java:353)
at utilities.AndroidActions.Addnewbike(AndroidActions.java:50)
at pageObject.ReAddVehicle.addvehicles(ReAddVehicle.java:25)
at testCases.Bangladesh.addracingeditionvehicle(Bangladesh.java:157)
at java.base/jdk.internal.reflect.NativeMethodAccessorImpl.invoke0(Native Method)
at java.base/jdk.internal.reflect.NativeMethodAccessorImpl.invoke(NativeMethodAccessorImpl.java:77)
at java.base/jdk.internal.reflect.DelegatingMethodAccessorImpl.invoke(DelegatingMethodAccessorImpl.java:43)
at java.base/java.lang.reflect.Method.invoke(Method.java:568)
at org.testng.internal.MethodInvocationHelper.invokeMethod(MethodInvocationHelper.java:133)
at org.testng.internal.TestInvoker.invokeMethod(TestInvoker.java:598)
at org.testng.internal.TestInvoker.invokeTestMethod(TestInvoker.java:173)
at org.testng.internal.MethodRunner.runInSequence(MethodRunner.java:46)
at org.testng.internal.TestInvoker$MethodInvocationAgent.invoke(TestInvoker.java:824)
at org.testng.internal.TestInvoker.invokeTestMethods(TestInvoker.java:146)
at org.testng.internal.TestMethodWorker.invokeTestMethods(TestMethodWorker.java:146)
at org.testng.internal.TestMethodWorker.run(TestMethodWorker.java:128)
at java.base/java.util.ArrayList.forEach(ArrayList.java:1511)
at org.testng.TestRunner.privateRun(TestRunner.java:794)
at org.testng.TestRunner.run(TestRunner.java:596)
at org.testng.SuiteRunner.runTest(SuiteRunner.java:377)
at org.testng.SuiteRunner.access$000(SuiteRunner.java:28)
at org.testng.SuiteRunner$SuiteWorker.run(SuiteRunner.java:418)
at org.testng.internal.thread.ThreadUtil.lambda$execute$0(ThreadUtil.java:64)
at java.base/java.util.concurrent.FutureTask.run(FutureTask.java:264)
at java.base/java.util.concurrent.ThreadPoolExecutor.runWorker(ThreadPoolExecutor.java:1136)
at java.base/java.util.concurrent.ThreadPoolExecutor$Worker.run(ThreadPoolExecutor.java:635)
at java.base/java.lang.Thread.run(Thread.java:833)
]]>
    </failure>
  </testcase> <!-- addracingeditionvehicle -->
  <testcase classname="testCases.Bangladesh" name="reridedetails" time="10.825">
    <failure type="org.openqa.selenium.NoSuchElementException" message="Can&amp;apos;t locate an element by this strategy: By.chained({By.xpath: //android.widget.TextView[@text=&amp;apos;Ride Details&amp;apos;]})">
      <![CDATA[org.openqa.selenium.NoSuchElementException: Can't locate an element by this strategy: By.chained({By.xpath: //android.widget.TextView[@text='Ride Details']})
at io.appium.java_client.pagefactory.AppiumElementLocator.findElement(AppiumElementLocator.java:166)
at io.appium.java_client.pagefactory.interceptors.InterceptorOfASingleElement.call(InterceptorOfASingleElement.java:64)
at io.appium.java_client.proxy.Interceptor.intercept(Interceptor.java:78)
at org.openqa.selenium.remote.RemoteWebElement$ByteBuddy$b7Xvheux.click(Unknown Source)
at pageObject.ReRideDetails.ridedetail(ReRideDetails.java:25)
at testCases.Bangladesh.reridedetails(Bangladesh.java:163)
at java.base/jdk.internal.reflect.NativeMethodAccessorImpl.invoke0(Native Method)
at java.base/jdk.internal.reflect.NativeMethodAccessorImpl.invoke(NativeMethodAccessorImpl.java:77)
at java.base/jdk.internal.reflect.DelegatingMethodAccessorImpl.invoke(DelegatingMethodAccessorImpl.java:43)
at java.base/java.lang.reflect.Method.invoke(Method.java:568)
at org.testng.internal.MethodInvocationHelper.invokeMethod(MethodInvocationHelper.java:133)
at org.testng.internal.TestInvoker.invokeMethod(TestInvoker.java:598)
at org.testng.internal.TestInvoker.invokeTestMethod(TestInvoker.java:173)
at org.testng.internal.MethodRunner.runInSequence(MethodRunner.java:46)
at org.testng.internal.TestInvoker$MethodInvocationAgent.invoke(TestInvoker.java:824)
at org.testng.internal.TestInvoker.invokeTestMethods(TestInvoker.java:146)
at org.testng.internal.TestMethodWorker.invokeTestMethods(TestMethodWorker.java:146)
at org.testng.internal.TestMethodWorker.run(TestMethodWorker.java:128)
at java.base/java.util.ArrayList.forEach(ArrayList.java:1511)
at org.testng.TestRunner.privateRun(TestRunner.java:794)
at org.testng.TestRunner.run(TestRunner.java:596)
at org.testng.SuiteRunner.runTest(SuiteRunner.java:377)
at org.testng.SuiteRunner.access$000(SuiteRunner.java:28)
at org.testng.SuiteRunner$SuiteWorker.run(SuiteRunner.java:418)
at org.testng.internal.thread.ThreadUtil.lambda$execute$0(ThreadUtil.java:64)
at java.base/java.util.concurrent.FutureTask.run(FutureTask.java:264)
at java.base/java.util.concurrent.ThreadPoolExecutor.runWorker(ThreadPoolExecutor.java:1136)
at java.base/java.util.concurrent.ThreadPoolExecutor$Worker.run(ThreadPoolExecutor.java:635)
at java.base/java.lang.Thread.run(Thread.java:833)
Caused by: org.openqa.selenium.TimeoutException: Expected condition failed: waiting for io.appium.java_client.pagefactory.AppiumElementLocator$WaitingFunction@29c1b58f (tried for 1 second(s) with 500 milliseconds interval)
at org.openqa.selenium.support.ui.FluentWait.timeoutException(FluentWait.java:262)
at org.openqa.selenium.support.ui.FluentWait.until(FluentWait.java:230)
at io.appium.java_client.pagefactory.AppiumElementLocator.waitFor(AppiumElementLocator.java:135)
at io.appium.java_client.pagefactory.AppiumElementLocator.findElement(AppiumElementLocator.java:160)
... 28 more
Caused by: org.openqa.selenium.NoSuchElementException: Cannot locate an element using By.chained({By.xpath: //android.widget.TextView[@text='Ride Details']})
For documentation on this error, please visit: https://www.selenium.dev/documentation/webdriver/troubleshooting/errors#no-such-element-exception
Build info: version: '4.13.0', revision: 'ba948ece5b*'
System info: os.name: 'Windows 10', os.arch: 'amd64', os.version: '10.0', java.version: '17.0.6'
Driver info: driver.version: RemoteWebDriver
at io.appium.java_client.pagefactory.bys.builder.ByChained.findElement(ByChained.java:77)
at org.openqa.selenium.remote.ElementLocation$ElementFinder$1.findElement(ElementLocation.java:139)
at org.openqa.selenium.remote.ElementLocation.findElement(ElementLocation.java:59)
at org.openqa.selenium.remote.RemoteWebDriver.findElement(RemoteWebDriver.java:359)
at org.openqa.selenium.remote.RemoteWebDriver.findElement(RemoteWebDriver.java:353)
at io.appium.java_client.pagefactory.bys.ContentMappedBy.findElement(ContentMappedBy.java:53)
at org.openqa.selenium.remote.ElementLocation$ElementFinder$1.findElement(ElementLocation.java:139)
at org.openqa.selenium.remote.ElementLocation.findElement(ElementLocation.java:59)
at org.openqa.selenium.remote.RemoteWebDriver.findElement(RemoteWebDriver.java:359)
at org.openqa.selenium.remote.RemoteWebDriver.findElement(RemoteWebDriver.java:353)
at io.appium.java_client.pagefactory.AppiumElementLocator.lambda$findElement$1(AppiumElementLocator.java:160)
at io.appium.java_client.pagefactory.AppiumElementLocator$WaitingFunction.apply(AppiumElementLocator.java:217)
at io.appium.java_client.pagefactory.AppiumElementLocator$WaitingFunction.apply(AppiumElementLocator.java:210)
at org.openqa.selenium.support.ui.FluentWait.until(FluentWait.java:205)
... 30 more
]]>
    </failure>
  </testcase> <!-- reridedetails -->
  <testcase classname="testCases.Bangladesh" name="remyrides" time="10.64">
    <failure type="org.openqa.selenium.NoSuchElementException" message="Can&amp;apos;t locate an element by this strategy: By.chained({By.xpath: //android.widget.TextView[@text=&amp;apos;My Rides&amp;apos;]})">
      <![CDATA[org.openqa.selenium.NoSuchElementException: Can't locate an element by this strategy: By.chained({By.xpath: //android.widget.TextView[@text='My Rides']})
at io.appium.java_client.pagefactory.AppiumElementLocator.findElement(AppiumElementLocator.java:166)
at io.appium.java_client.pagefactory.interceptors.InterceptorOfASingleElement.call(InterceptorOfASingleElement.java:64)
at io.appium.java_client.proxy.Interceptor.intercept(Interceptor.java:78)
at org.openqa.selenium.remote.RemoteWebElement$ByteBuddy$VO19Oww8.click(Unknown Source)
at pageObject.MyRides.myrides(MyRides.java:28)
at testCases.Bangladesh.remyrides(Bangladesh.java:170)
at java.base/jdk.internal.reflect.NativeMethodAccessorImpl.invoke0(Native Method)
at java.base/jdk.internal.reflect.NativeMethodAccessorImpl.invoke(NativeMethodAccessorImpl.java:77)
at java.base/jdk.internal.reflect.DelegatingMethodAccessorImpl.invoke(DelegatingMethodAccessorImpl.java:43)
at java.base/java.lang.reflect.Method.invoke(Method.java:568)
at org.testng.internal.MethodInvocationHelper.invokeMethod(MethodInvocationHelper.java:133)
at org.testng.internal.TestInvoker.invokeMethod(TestInvoker.java:598)
at org.testng.internal.TestInvoker.invokeTestMethod(TestInvoker.java:173)
at org.testng.internal.MethodRunner.runInSequence(MethodRunner.java:46)
at org.testng.internal.TestInvoker$MethodInvocationAgent.invoke(TestInvoker.java:824)
at org.testng.internal.TestInvoker.invokeTestMethods(TestInvoker.java:146)
at org.testng.internal.TestMethodWorker.invokeTestMethods(TestMethodWorker.java:146)
at org.testng.internal.TestMethodWorker.run(TestMethodWorker.java:128)
at java.base/java.util.ArrayList.forEach(ArrayList.java:1511)
at org.testng.TestRunner.privateRun(TestRunner.java:794)
at org.testng.TestRunner.run(TestRunner.java:596)
at org.testng.SuiteRunner.runTest(SuiteRunner.java:377)
at org.testng.SuiteRunner.access$000(SuiteRunner.java:28)
at org.testng.SuiteRunner$SuiteWorker.run(SuiteRunner.java:418)
at org.testng.internal.thread.ThreadUtil.lambda$execute$0(ThreadUtil.java:64)
at java.base/java.util.concurrent.FutureTask.run(FutureTask.java:264)
at java.base/java.util.concurrent.ThreadPoolExecutor.runWorker(ThreadPoolExecutor.java:1136)
at java.base/java.util.concurrent.ThreadPoolExecutor$Worker.run(ThreadPoolExecutor.java:635)
at java.base/java.lang.Thread.run(Thread.java:833)
Caused by: org.openqa.selenium.TimeoutException: Expected condition failed: waiting for io.appium.java_client.pagefactory.AppiumElementLocator$WaitingFunction@2a2ed865 (tried for 1 second(s) with 500 milliseconds interval)
at org.openqa.selenium.support.ui.FluentWait.timeoutException(FluentWait.java:262)
at org.openqa.selenium.support.ui.FluentWait.until(FluentWait.java:230)
at io.appium.java_client.pagefactory.AppiumElementLocator.waitFor(AppiumElementLocator.java:135)
at io.appium.java_client.pagefactory.AppiumElementLocator.findElement(AppiumElementLocator.java:160)
... 28 more
Caused by: org.openqa.selenium.NoSuchElementException: Cannot locate an element using By.chained({By.xpath: //android.widget.TextView[@text='My Rides']})
For documentation on this error, please visit: https://www.selenium.dev/documentation/webdriver/troubleshooting/errors#no-such-element-exception
Build info: version: '4.13.0', revision: 'ba948ece5b*'
System info: os.name: 'Windows 10', os.arch: 'amd64', os.version: '10.0', java.version: '17.0.6'
Driver info: driver.version: RemoteWebDriver
at io.appium.java_client.pagefactory.bys.builder.ByChained.findElement(ByChained.java:77)
at org.openqa.selenium.remote.ElementLocation$ElementFinder$1.findElement(ElementLocation.java:139)
at org.openqa.selenium.remote.ElementLocation.findElement(ElementLocation.java:59)
at org.openqa.selenium.remote.RemoteWebDriver.findElement(RemoteWebDriver.java:359)
at org.openqa.selenium.remote.RemoteWebDriver.findElement(RemoteWebDriver.java:353)
at io.appium.java_client.pagefactory.bys.ContentMappedBy.findElement(ContentMappedBy.java:53)
at org.openqa.selenium.remote.ElementLocation$ElementFinder$1.findElement(ElementLocation.java:139)
at org.openqa.selenium.remote.ElementLocation.findElement(ElementLocation.java:59)
at org.openqa.selenium.remote.RemoteWebDriver.findElement(RemoteWebDriver.java:359)
at org.openqa.selenium.remote.RemoteWebDriver.findElement(RemoteWebDriver.java:353)
at io.appium.java_client.pagefactory.AppiumElementLocator.lambda$findElement$1(AppiumElementLocator.java:160)
at io.appium.java_client.pagefactory.AppiumElementLocator$WaitingFunction.apply(AppiumElementLocator.java:217)
at io.appium.java_client.pagefactory.AppiumElementLocator$WaitingFunction.apply(AppiumElementLocator.java:210)
at org.openqa.selenium.support.ui.FluentWait.until(FluentWait.java:205)
... 30 more
]]>
    </failure>
  </testcase> <!-- remyrides -->
  <testcase classname="testCases.Bangladesh" name="reknowyourbike" time="10.627">
    <failure type="org.openqa.selenium.NoSuchElementException" message="Can&amp;apos;t locate an element by this strategy: By.chained({By.xpath: //*[contains(@text,&amp;apos;Know&amp;apos;)]})">
      <![CDATA[org.openqa.selenium.NoSuchElementException: Can't locate an element by this strategy: By.chained({By.xpath: //*[contains(@text,'Know')]})
at io.appium.java_client.pagefactory.AppiumElementLocator.findElement(AppiumElementLocator.java:166)
at io.appium.java_client.pagefactory.interceptors.InterceptorOfASingleElement.call(InterceptorOfASingleElement.java:64)
at io.appium.java_client.proxy.Interceptor.intercept(Interceptor.java:78)
at org.openqa.selenium.remote.RemoteWebElement$ByteBuddy$7n9KACL7.click(Unknown Source)
at pageObject.ReKnowYourBike.knowyourbike(ReKnowYourBike.java:22)
at testCases.Bangladesh.reknowyourbike(Bangladesh.java:177)
at java.base/jdk.internal.reflect.NativeMethodAccessorImpl.invoke0(Native Method)
at java.base/jdk.internal.reflect.NativeMethodAccessorImpl.invoke(NativeMethodAccessorImpl.java:77)
at java.base/jdk.internal.reflect.DelegatingMethodAccessorImpl.invoke(DelegatingMethodAccessorImpl.java:43)
at java.base/java.lang.reflect.Method.invoke(Method.java:568)
[...]
Session ID: 3313a6ffa40b2c85601740abdaff52dcd47042af">
      <![CDATA[org.openqa.selenium.WebDriverException: An unknown error has occurred
Build info: version: '4.13.0', revision: 'ba948ece5b*'
System info: os.name: 'Windows 10', os.arch: 'amd64', os.version: '10.0', java.version: '17.0.6'
Driver info: io.appium.java_client.android.AndroidDriver
Command: [3313a6ffa40b2c85601740abdaff52dcd47042af, findElement {using=xpath, value=//android.widget.TextView[@text='Riding 101']}]
Capabilities {appium:appActivity: com.tvsm.connect.SplashActi..., appium:appPackage: com.tvsm.connect.bangladesh, appium:automationName: uiautomator2, appium:bundleID: com.tvsm.connect.bangladesh, appium:bundleId: com.tvsm.connect.bangladesh, appium:chromedriverPort: 18085, appium:chromedriverPorts: [[18155, 18165]], appium:databaseEnabled: false, appium:desired: {appActivity: com.tvsm.connect.SplashActi..., appPackage: com.tvsm.connect.bangladesh, automationName: uiautomator2, bstack:options: {buildIdentifier: #26, hostName: DESKTOP-HQV51JQ, localIdentifier: 19_Jun_1621_DESKTOP_HQV51JQ...}, bundleID: com.tvsm.connect.bangladesh, bundleId: com.tvsm.connect.bangladesh, chromedriverPort: 18085, chromedriverPorts: [[18155, 18165]], deviceName: moto g32, disableSuppressAccessibilityService: true, goog:chromeOptions: {}, nativeWebScreenshot: true, newCommandTimeout: 0, platformName: Android, skipServerInstallation: true, systemPort: 8205, udid: ZD22259KSR}, appium:deviceApiLevel: 30, appium:deviceManufacturer: motorola, appium:deviceModel: moto g71 5G, appium:deviceName: ZD22259KSR, appium:deviceScreenDensity: 420, appium:deviceScreenSize: 1080x2400, appium:deviceUDID: ZD22259KSR, appium:disableSuppressAccessibilityService: true, appium:javascriptEnabled: true, appium:locationContextEnabled: false, appium:nativeWebScreenshot: true, appium:networkConnectionEnabled: true, appium:newCommandTimeout: 0, appium:optimalHubUrl: hub-aps.browserstack.com, appium:pixelRatio: 2.625, appium:platformVersion: 11, appium:skipServerInstallation: true, appium:statBarHeight: 100, appium:systemPort: 8205, appium:takesScreenshot: true, appium:udid: ZD22259KSR, appium:viewportRect: {height: 2074, left: 0, top: 100, width: 1080}, appium:warnings: {}, appium:webStorageEnabled: false, bstack:options: {buildIdentifier: #26, hostName: DESKTOP-HQV51JQ, localIdentifier: 19_Jun_1621_DESKTOP_HQV51JQ...}, goog:chromeOptions: {}, platformName: ANDROID}
Session ID: 3313a6ffa40b2c85601740abdaff52dcd47042af
at java.base/jdk.internal.reflect.NativeConstructorAccessorImpl.newInstance0(Native Method)
at java.base/jdk.internal.reflect.NativeConstructorAccessorImpl.newInstance(NativeConstructorAccessorImpl.java:77)
at java.base/jdk.internal.reflect.DelegatingConstructorAccessorImpl.newInstance(DelegatingConstructorAccessorImpl.java:45)
at java.base/java.lang.reflect.Constructor.newInstanceWithCaller(Constructor.java:499)
at java.base/java.lang.reflect.Constructor.newInstance(Constructor.java:480)
at org.openqa.selenium.remote.codec.w3c.W3CHttpResponseCodec.createException(W3CHttpResponseCodec.java:200)
at org.openqa.selenium.remote.codec.w3c.W3CHttpResponseCodec.decode(W3CHttpResponseCodec.java:133)
at org.openqa.selenium.remote.codec.w3c.W3CHttpResponseCodec.decode(W3CHttpResponseCodec.java:52)
at org.openqa.selenium.remote.HttpCommandExecutor.execute(HttpCommandExecutor.java:191)
at io.appium.java_client.remote.AppiumCommandExecutor.execute(AppiumCommandExecutor.java:250)
at org.openqa.selenium.remote.RemoteWebDriver.execute(RemoteWebDriver.java:602)
at org.openqa.selenium.remote.ElementLocation$ElementFinder$2.findElement(ElementLocation.java:165)
at org.openqa.selenium.remote.ElementLocation.findElement(ElementLocation.java:59)
at org.openqa.selenium.remote.RemoteWebDriver.findElement(RemoteWebDriver.java:359)
at org.openqa.selenium.remote.RemoteWebDriver.findElement(RemoteWebDriver.java:353)
at io.appium.java_client.pagefactory.bys.builder.ByChained.lambda$getSearchingFunction$0(ByChained.java:41)
at org.openqa.selenium.support.ui.FluentWait.until(FluentWait.java:205)
at io.appium.java_client.pagefactory.bys.builder.ByChained.findElement(ByChained.java:75)
at org.openqa.selenium.remote.ElementLocation$ElementFinder$1.findElement(ElementLocation.java:139)
at org.openqa.selenium.remote.ElementLocation.findElement(ElementLocation.java:59)
at org.openqa.selenium.remote.RemoteWebDriver.findElement(RemoteWebDriver.java:359)
at org.openqa.selenium.remote.RemoteWebDriver.findElement(RemoteWebDriver.java:353)
at io.appium.java_client.pagefactory.bys.ContentMappedBy.findElement(ContentMappedBy.java:53)
at org.openqa.selenium.remote.ElementLocation$ElementFinder$1.findElement(ElementLocation.java:139)
at org.openqa.selenium.remote.ElementLocation.findElement(ElementLocation.java:59)
at org.openqa.selenium.remote.RemoteWebDriver.findElement(RemoteWebDriver.java:359)
at org.openqa.selenium.remote.RemoteWebDriver.findElement(RemoteWebDriver.java:353)
at io.appium.java_client.pagefactory.AppiumElementLocator.lambda$findElement$1(AppiumElementLocator.java:160)
at io.appium.java_client.pagefactory.AppiumElementLocator$WaitingFunction.apply(AppiumElementLocator.java:217)
at io.appium.java_client.pagefactory.AppiumElementLocator$WaitingFunction.apply(AppiumElementLocator.java:210)
at org.openqa.selenium.support.ui.FluentWait.until(FluentWait.java:205)
at io.appium.java_client.pagefactory.AppiumElementLocator.waitFor(AppiumElementLocator.java:135)
at io.appium.java_client.pagefactory.AppiumElementLocator.findElement(AppiumElementLocator.java:160)
at io.appium.java_client.pagefactory.interceptors.InterceptorOfASingleElement.call(InterceptorOfASingleElement.java:64)
at io.appium.java_client.proxy.Interceptor.intercept(Interceptor.java:78)
at org.openqa.selenium.remote.RemoteWebElement$ByteBuddy$wh7EU11b.click(Unknown Source)
at pageObject.ApacheRiding101.riding101(ApacheRiding101.java:25)
at testCases.Bangladesh.apacheriding101(Bangladesh.java:236)
at testCases.Bangladesh.rtr1602vfiriding101(Bangladesh.java:273)
at java.base/jdk.internal.reflect.NativeMethodAccessorImpl.invoke0(Native Method)
at java.base/jdk.internal.reflect.NativeMethodAccessorImpl.invoke(NativeMethodAccessorImpl.java:77)
at java.base/jdk.internal.reflect.DelegatingMethodAccessorImpl.invoke(DelegatingMethodAccessorImpl.java:43)
at java.base/java.lang.reflect.Method.invoke(Method.java:568)
at org.testng.internal.MethodInvocationHelper.invokeMethod(MethodInvocationHelper.java:133)
at org.testng.internal.TestInvoker.invokeMethod(TestInvoker.java:598)
at org.testng.internal.TestInvoker.invokeTestMethod(TestInvoker.java:173)
at org.testng.internal.MethodRunner.runInSequence(MethodRunner.java:46)
at org.testng.internal.TestInvoker$MethodInvocationAgent.invoke(TestInvoker.java:824)
at org.testng.internal.TestInvoker.invokeTestMethods(TestInvoker.java:146)
at org.testng.internal.TestMethodWorker.invokeTestMethods(TestMethodWorker.java:146)
at org.testng.internal.TestMethodWorker.run(TestMethodWorker.java:128)
at java.base/java.util.ArrayList.forEach(ArrayList.java:1511)
at org.testng.TestRunner.privateRun(TestRunner.java:794)
at org.testng.TestRunner.run(TestRunner.java:596)
at org.testng.SuiteRunner.runTest(SuiteRunner.java:377)
at org.testng.SuiteRunner.access$000(SuiteRunner.java:28)
at org.testng.SuiteRunner$SuiteWorker.run(SuiteRunner.java:418)
at org.testng.internal.thread.ThreadUtil.lambda$execute$0(ThreadUtil.java:64)
at java.base/java.util.concurrent.FutureTask.run(FutureTask.java:264)
at java.base/java.util.concurrent.ThreadPoolExecutor.runWorker(ThreadPoolExecutor.java:1136)
at java.base/java.util.concurrent.ThreadPoolExecutor$Worker.run(ThreadPoolExecutor.java:635)
at java.base/java.lang.Thread.run(Thread.java:833)
]]>
    </failure>
  </testcase> <!-- rtr1602vfiriding101 -->
  <testcase classname="testCases.Bangladesh" name="dashboardfaqfeedback" time="1.956">
    <failure type="org.openqa.selenium.WebDriverException" message="An unknown error has occurred
Build info: version: &amp;apos;4.13.0&amp;apos;, revision: &amp;apos;ba948ece5b*&amp;apos;
System info: os.name: &amp;apos;Windows 10&amp;apos;, os.arch: &amp;apos;amd64&amp;apos;, os.version: &amp;apos;10.0&amp;apos;, java.version: &amp;apos;17.0.6&amp;apos;
Driver info: io.appium.java_client.android.AndroidDriver
Command: [3313a6ffa40b2c85601740abdaff52dcd47042af, findElement {using=id, value=com.tvsm.connect.bangladesh:id/imgFAQ}]
Capabilities {appium:appActivity: com.tvsm.connect.SplashActi..., appium:appPackage: com.tvsm.connect.bangladesh, appium:automationName: uiautomator2, appium:bundleID: com.tvsm.connect.bangladesh, appium:bundleId: com.tvsm.connect.bangladesh, appium:chromedriverPort: 18085, appium:chromedriverPorts: [[18155, 18165]], appium:databaseEnabled: false, appium:desired: {appActivity: com.tvsm.connect.SplashActi..., appPackage: com.tvsm.connect.bangladesh, automationName: uiautomator2, bstack:options: {buildIdentifier: #26, hostName: DESKTOP-HQV51JQ, localIdentifier: 19_Jun_1621_DESKTOP_HQV51JQ...}, bundleID: com.tvsm.connect.bangladesh, bundleId: com.tvsm.connect.bangladesh, chromedriverPort: 18085, chromedriverPorts: [[18155, 18165]], deviceName: moto g32, disableSuppressAccessibilityService: true, goog:chromeOptions: {}, nativeWebScreenshot: true, newCommandTimeout: 0, platformName: Android, skipServerInstallation: true, systemPort: 8205, udid: ZD22259KSR}, appium:deviceApiLevel: 30, appium:deviceManufacturer: motorola, appium:deviceModel: moto g71 5G, appium:deviceName: ZD22259KSR, appium:deviceScreenDensity: 420, appium:deviceScreenSize: 1080x2400, appium:deviceUDID: ZD22259KSR, appium:disableSuppressAccessibilityService: true, appium:javascriptEnabled: true, appium:locationContextEnabled: false, appium:nativeWebScreenshot: true, appium:networkConnectionEnabled: true, appium:newCommandTimeout: 0, appium:optimalHubUrl: hub-aps.browserstack.com, appium:pixelRatio: 2.625, appium:platformVersion: 11, appium:skipServerInstallation: true, appium:statBarHeight: 100, appium:systemPort: 8205, appium:takesScreenshot: true, appium:udid: ZD22259KSR, appium:viewportRect: {height: 2074, left: 0, top: 100, width: 1080}, appium:warnings: {}, appium:webStorageEnabled: false, bstack:options: {buildIdentifier: #26, hostName: DESKTOP-HQV51JQ, localIdentifier: 19_Jun_1621_DESKTOP_HQV51JQ...}, goog:chromeOptions: {}, platformName: ANDROID}
Session ID: 3313a6ffa40b2c85601740abdaff52dcd47042af">
      <![CDATA[org.openqa.selenium.WebDriverException: An unknown error has occurred
Build info: version: '4.13.0', revision: 'ba948ece5b*'
System info: os.name: 'Windows 10', os.arch: 'amd64', os.version: '10.0', java.version: '17.0.6'
Driver info: io.appium.java_client.android.AndroidDriver
Command: [3313a6ffa40b2c85601740abdaff52dcd47042af, findElement {using=id, value=com.tvsm.connect.bangladesh:id/imgFAQ}]
Capabilities {appium:appActivity: com.tvsm.connect.SplashActi..., appium:appPackage: com.tvsm.connect.bangladesh, appium:automationName: uiautomator2, appium:bundleID: com.tvsm.connect.bangladesh, appium:bundleId: com.tvsm.connect.bangladesh, appium:chromedriverPort: 18085, appium:chromedriverPorts: [[18155, 18165]], appium:databaseEnabled: false, appium:desired: {appActivity: com.tvsm.connect.SplashActi..., appPackage: com.tvsm.connect.bangladesh, automationName: uiautomator2, bstack:options: {buildIdentifier: #26, hostName: DESKTOP-HQV51JQ, localIdentifier: 19_Jun_1621_DESKTOP_HQV51JQ...}, bundleID: com.tvsm.connect.bangladesh, bundleId: com.tvsm.connect.bangladesh, chromedriverPort: 18085, chromedriverPorts: [[18155, 18165]], deviceName: moto g32, disableSuppressAccessibilityService: true, goog:chromeOptions: {}, nativeWebScreenshot: true, newCommandTimeout: 0, platformName: Android, skipServerInstallation: true, systemPort: 8205, udid: ZD22259KSR}, appium:deviceApiLevel: 30, appium:deviceManufacturer: motorola, appium:deviceModel: moto g71 5G, appium:deviceName: ZD22259KSR, appium:deviceScreenDensity: 420, appium:deviceScreenSize: 1080x2400, appium:deviceUDID: ZD22259KSR, appium:disableSuppressAccessibilityService: true, appium:javascriptEnabled: true, appium:locationContextEnabled: false, appium:nativeWebScreenshot: true, appium:networkConnectionEnabled: true, appium:newCommandTimeout: 0, appium:optimalHubUrl: hub-aps.browserstack.com, appium:pixelRatio: 2.625, appium:platformVersion: 11, appium:skipServerInstallation: true, appium:statBarHeight: 100, appium:systemPort: 8205, appium:takesScreenshot: true, appium:udid: ZD22259KSR, appium:viewportRect: {height: 2074, left: 0, top: 100, width: 1080}, appium:warnings: {}, appium:webStorageEnabled: false, bstack:options: {buildIdentifier: #26, hostName: DESKTOP-HQV51JQ, localIdentifier: 19_Jun_1621_DESKTOP_HQV51JQ...}, goog:chromeOptions: {}, platformName: ANDROID}
Session ID: 3313a6ffa40b2c85601740abdaff52dcd47042af
at java.base/jdk.internal.reflect.NativeConstructorAccessorImpl.newInstance0(Native Method)
at java.base/jdk.internal.reflect.NativeConstructorAccessorImpl.newInstance(NativeConstructorAccessorImpl.java:77)
at java.base/jdk.internal.reflect.DelegatingConstructorAccessorImpl.newInstance(DelegatingConstructorAccessorImpl.java:45)
at java.base/java.lang.reflect.Constructor.newInstanceWithCaller(Constructor.java:499)
at java.base/java.lang.reflect.Constructor.newInstance(Constructor.java:480)
at org.openqa.selenium.remote.codec.w3c.W3CHttpResponseCodec.createException(W3CHttpResponseCodec.java:200)
at org.openqa.selenium.remote.codec.w3c.W3CHttpResponseCodec.decode(W3CHttpResponseCodec.java:133)
at org.openqa.selenium.remote.codec.w3c.W3CHttpResponseCodec.decode(W3CHttpResponseCodec.java:52)
at org.openqa.selenium.remote.HttpCommandExecutor.execute(HttpCommandExecutor.java:191)
at io.appium.java_client.remote.AppiumCommandExecutor.execute(AppiumCommandExecutor.java:250)
at org.openqa.selenium.remote.RemoteWebDriver.execute(RemoteWebDriver.java:602)
at org.openqa.selenium.remote.ElementLocation$ElementFinder$2.findElement(ElementLocation.java:165)
at org.openqa.selenium.remote.ElementLocation.findElement(ElementLocation.java:59)
at org.openqa.selenium.remote.RemoteWebDriver.findElement(RemoteWebDriver.java:359)
at org.openqa.selenium.remote.RemoteWebDriver.findElement(RemoteWebDriver.java:353)
at io.appium.java_client.pagefactory.bys.builder.ByChained.lambda$getSearchingFunction$0(ByChained.java:41)
at org.openqa.selenium.support.ui.FluentWait.until(FluentWait.java:205)
at io.appium.java_client.pagefactory.bys.builder.ByChained.findElement(ByChained.java:75)
at org.openqa.selenium.remote.ElementLocation$ElementFinder$1.findElement(ElementLocation.java:139)
at org.openqa.selenium.remote.ElementLocation.findElement(ElementLocation.java:59)
at org.openqa.selenium.remote.RemoteWebDriver.findElement(RemoteWebDriver.java:359)
at org.openqa.selenium.remote.RemoteWebDriver.findElement(RemoteWebDriver.java:353)
at io.appium.java_client.pagefactory.bys.ContentMappedBy.findElement(ContentMappedBy.java:53)
at org.openqa.selenium.remote.ElementLocation$ElementFinder$1.findElement(ElementLocation.java:139)
at org.openqa.selenium.remote.ElementLocation.findElement(ElementLocation.java:59)
at org.openqa.selenium.remote.RemoteWebDriver.findElement(RemoteWebDriver.java:359)
at org.openqa.selenium.remote.RemoteWebDriver.findElement(RemoteWebDriver.java:353)
at io.appium.java_client.pagefactory.AppiumElementLocator.lambda$findElement$1(AppiumElementLocator.java:160)
at io.appium.java_client.pagefactory.AppiumElementLocator$WaitingFunction.apply(AppiumElementLocator.java:217)
at io.appium.java_client.pagefactory.AppiumElementLocator$WaitingFunction.apply(AppiumElementLocator.java:210)
at org.openqa.selenium.support.ui.FluentWait.until(FluentWait.java:205)
at io.appium.java_client.pagefactory.AppiumElementLocator.waitFor(AppiumElementLocator.java:135)
at io.appium.java_client.pagefactory.AppiumElementLocator.findElement(AppiumElementLocator.java:160)
at io.appium.java_client.pagefactory.interceptors.InterceptorOfASingleElement.call(InterceptorOfASingleElement.java:64)
at io.appium.java_client.proxy.Interceptor.intercept(Interceptor.java:78)
at org.openqa.selenium.remote.RemoteWebElement$ByteBuddy$UUoS6OYm.click(Unknown Source)
at pageObject.DashBoardImgFaq.faqfeedback(DashBoardImgFaq.java:55)
at testCases.Bangladesh.dashboardfaqfeedback(Bangladesh.java:279)
at java.base/jdk.internal.reflect.NativeMethodAccessorImpl.invoke0(Native Method)
at java.base/jdk.internal.reflect.NativeMethodAccessorImpl.invoke(NativeMethodAccessorImpl.java:77)
at java.base/jdk.internal.reflect.DelegatingMethodAccessorImpl.invoke(DelegatingMethodAccessorImpl.java:43)
at java.base/java.lang.reflect.Method.invoke(Method.java:568)
at org.testng.internal.MethodInvocationHelper.invokeMethod(MethodInvocationHelper.java:133)
at org.testng.internal.TestInvoker.invokeMethod(TestInvoker.java:598)
at org.testng.internal.TestInvoker.invokeTestMethod(TestInvoker.java:173)
at org.testng.internal.MethodRunner.runInSequence(MethodRunner.java:46)
at org.testng.internal.TestInvoker$MethodInvocationAgent.invoke(TestInvoker.java:824)
at org.testng.internal.TestInvoker.invokeTestMethods(TestInvoker.java:146)
at org.testng.internal.TestMethodWorker.invokeTestMethods(TestMethodWorker.java:146)
at org.testng.internal.TestMethodWorker.run(TestMethodWorker.java:128)
at java.base/java.util.ArrayList.forEach(ArrayList.java:1511)
at org.testng.TestRunner.privateRun(TestRunner.java:794)
at org.testng.TestRunner.run(TestRunner.java:596)
at org.testng.SuiteRunner.runTest(SuiteRunner.java:377)
at org.testng.SuiteRunner.access$000(SuiteRunner.java:28)
at org.testng.SuiteRunner$SuiteWorker.run(SuiteRunner.java:418)
at org.testng.internal.thread.ThreadUtil.lambda$execute$0(ThreadUtil.java:64)
at java.base/java.util.concurrent.FutureTask.run(FutureTask.java:264)
at java.base/java.util.concurrent.ThreadPoolExecutor.runWorker(ThreadPoolExecutor.java:1136)
at java.base/java.util.concurrent.ThreadPoolExecutor$Worker.run(ThreadPoolExecutor.java:635)
at java.base/java.lang.Thread.run(Thread.java:833)
]]>
    </failure>
  </testcase> <!-- dashboardfaqfeedback -->
</testsuite> <!-- Default test-0 -->
