<?xml version="1.0" encoding="UTF-8"?>
<!-- Generated by org.testng.reporters.JUnitXMLReporter -->
<testsuite ignored="0" hostname="DESKTOP-HQV51JQ" failures="0" tests="33" name="Test" time="447.602" errors="0" timestamp="2024-03-21T11:17:30 IST">
  <testcase classname="testCases.Bangladesh" name="applicationLogin" time="27.185"/>
  <testcase classname="testCases.Bangladesh" name="signupDetails" time="7.396"/>
  <testcase classname="testCases.Bangladesh" name="verifyOtp" time="12.855"/>
  <testcase classname="testCases.Bangladesh" name="rtr1604vaddvehicle" time="26.657"/>
  <testcase classname="testCases.Bangladesh" name="notification" time="2.385"/>
  <testcase classname="testCases.Bangladesh" name="myprofile" time="41.948"/>
  <testcase classname="testCases.Bangladesh" name="hamburgerlist" time="49.663"/>
  <testcase classname="testCases.Bangladesh" name="rtr1604vridedetails" time="20.554"/>
  <testcase classname="testCases.Bangladesh" name="rtr1604vmyrideslist" time="5.619"/>
  <testcase classname="testCases.Bangladesh" name="rtr1604vmytour" time="4.123"/>
  <testcase classname="testCases.Bangladesh" name="rtr1604vknowyourbike" time="8.839"/>
  <testcase classname="testCases.Bangladesh" name="rtr1604vsettings" time="17.149"/>
  <testcase classname="testCases.Bangladesh" name="rtr1604vlastparklocation" time="10.597"/>
  <testcase classname="testCases.Bangladesh" name="addracingeditionvehicle" time="10.412"/>
  <testcase classname="testCases.Bangladesh" name="reridedetails" time="6.244"/>
  <testcase classname="testCases.Bangladesh" name="remyrides" time="4.876"/>
  <testcase classname="testCases.Bangladesh" name="reknowyourbike" time="7.119"/>
  <testcase classname="testCases.Bangladesh" name="resettings" time="10.863"/>
  <testcase classname="testCases.Bangladesh" name="relastparkedlocation" time="5.886"/>
  <testcase classname="testCases.Bangladesh" name="rehowtovideos" time="9.875"/>
  <testcase classname="testCases.Bangladesh" name="addrtrapache1602vcarb" time="13.503"/>
  <testcase classname="testCases.Bangladesh" name="apachevehicleoverview" time="3.699"/>
  <testcase classname="testCases.Bangladesh" name="apachesettings" time="10.233"/>
  <testcase classname="testCases.Bangladesh" name="apachelocatevehicle" time="6.419"/>
  <testcase classname="testCases.Bangladesh" name="apacheusermanual" time="7.927"/>
  <testcase classname="testCases.Bangladesh" name="apacheriding101" time="4.716"/>
  <testcase classname="testCases.Bangladesh" name="addapache1602vfi" time="18.85"/>
  <testcase classname="testCases.Bangladesh" name="apache1602vfivehicleovgierview" time="6.488"/>
  <testcase classname="testCases.Bangladesh" name="rtr1602vfisettings" time="16.611"/>
  <testcase classname="testCases.Bangladesh" name="rtr1602vfilocatevehicle" time="7.252"/>
  <testcase classname="testCases.Bangladesh" name="rtr1602vfiusermanual" time="5.827"/>
  <testcase classname="testCases.Bangladesh" name="rtr1602vfiriding101" time="4.717"/>
  <testcase classname="testCases.Bangladesh" name="dashboardfaqfeedback" time="25.279"/>
</testsuite> <!-- Test -->
