<?xml version="1.0" encoding="UTF-8"?>
<testsuite xmlns:xsi="http://www.w3.org/2001/XMLSchema-instance" xsi:noNamespaceSchemaLocation="https://maven.apache.org/surefire/maven-surefire-plugin/xsd/surefire-test-report-3.0.xsd" version="3.0" name="TestSuite" time="377.82" tests="33" errors="0" skipped="0" failures="0">
  <properties>
[...]
</properties>
  <testcase name="applicationLogin" classname="testCases.Bangladesh" time="22.335">
    <system-out><![CDATA[&amp#27;[35m[Appium]&amp#27;[39m Welcome to Appium v2.2.2
&amp#27;[35m[Appium]&amp#27;[39m Non-default server args:
&amp#27;[35m[Appium]&amp#27;[39m { address: &amp#27;[32m'127.0.0.1'&amp#27;[39m }
&amp#27;[35m[Appium]&amp#27;[39m Appium REST http interface listener started on http://127.0.0.1:4723
&amp#27;[35m[Appium]&amp#27;[39m No drivers have been installed in C:\Users\rajesh\.appium. Use the "appium driver" command to install the one(s) you want to use.
&amp#27;[35m[Appium]&amp#27;[39m No plugins have been installed. Use the "appium plugin" command to install the one(s) you want to use.
]]></system-out>
    <system-err><![CDATA[SLF4J: No SLF4J providers were found.
SLF4J: Defaulting to no-operation (NOP) logger implementation
SLF4J: See https://www.slf4j.org/codes.html#noProviders for further details.
SLF4J: Class path contains SLF4J bindings targeting slf4j-api versions 1.7.x or earlier.
SLF4J: Ignoring binding found at [jar:file:/C:/Users/rajesh/.m2/repository/org/apache/logging/log4j/log4j-slf4j-impl/2.22.0/log4j-slf4j-impl-2.22.0.jar!/org/slf4j/impl/StaticLoggerBinder.class]
SLF4J: See https://www.slf4j.org/codes.html#ignoredBindings for an explanation.
]]></system-err>
  </testcase>
  <testcase name="signupDetails" classname="testCases.Bangladesh" time="5.904"/>
  <testcase name="verifyOtp" classname="testCases.Bangladesh" time="19.26"/>
  <testcase name="rtr1604vaddvehicle" classname="testCases.Bangladesh" time="30.414"/>
  <testcase name="notification" classname="testCases.Bangladesh" time="1.767"/>
  <testcase name="myprofile[Rajesh Pathak, Chattogram, Allergy, Tvs application](1)" classname="testCases.Bangladesh" time="35.689"/>
  <testcase name="hamburgerlist[TVS Connect Bangladesh Application](1)" classname="testCases.Bangladesh" time="37.257"/>
  <testcase name="rtr1604vridedetails" classname="testCases.Bangladesh" time="17.682">
    <system-out><![CDATA[Ride Details
]]></system-out>
  </testcase>
  <testcase name="rtr1604vmyrideslist" classname="testCases.Bangladesh" time="4.792">
    <system-out><![CDATA[My Rides
]]></system-out>
  </testcase>
  <testcase name="rtr1604vmytour" classname="testCases.Bangladesh" time="3.286">
    <system-out><![CDATA[My Tours
]]></system-out>
  </testcase>
  <testcase name="rtr1604vknowyourbike" classname="testCases.Bangladesh" time="6.599">
    <system-out><![CDATA[Know Your Bike
]]></system-out>
  </testcase>
  <testcase name="rtr1604vsettings" classname="testCases.Bangladesh" time="13.074">
    <system-out><![CDATA[Settings
]]></system-out>
  </testcase>
  <testcase name="rtr1604vlastparklocation" classname="testCases.Bangladesh" time="9.05">
    <system-out><![CDATA[Last Parked Location
]]></system-out>
  </testcase>
  <testcase name="addracingeditionvehicle" classname="testCases.Bangladesh" time="9.411"/>
  <testcase name="reridedetails" classname="testCases.Bangladesh" time="4.093"/>
  <testcase name="remyrides" classname="testCases.Bangladesh" time="3.107"/>
  <testcase name="reknowyourbike" classname="testCases.Bangladesh" time="6.248"/>
  <testcase name="resettings" classname="testCases.Bangladesh" time="8.785"/>
  <testcase name="relastparkedlocation" classname="testCases.Bangladesh" time="4.882"/>
  <testcase name="rehowtovideos" classname="testCases.Bangladesh" time="7.599"/>
  <testcase name="addrtrapache1602vcarb" classname="testCases.Bangladesh" time="11.994"/>
  <testcase name="apachevehicleoverview" classname="testCases.Bangladesh" time="2.342"/>
  <testcase name="apachesettings" classname="testCases.Bangladesh" time="8.35"/>
  <testcase name="apachelocatevehicle" classname="testCases.Bangladesh" time="4.89"/>
  <testcase name="apacheusermanual" classname="testCases.Bangladesh" time="5.558"/>
  <testcase name="apacheriding101" classname="testCases.Bangladesh" time="4.34"/>
  <testcase name="addapache1602vfi" classname="testCases.Bangladesh" time="15.767"/>
  <testcase name="apache1602vfivehicleovgierview" classname="testCases.Bangladesh" time="4.661"/>
  <testcase name="rtr1602vfisettings" classname="testCases.Bangladesh" time="13.092"/>
  <testcase name="rtr1602vfilocatevehicle" classname="testCases.Bangladesh" time="4.823"/>
  <testcase name="rtr1602vfiusermanual" classname="testCases.Bangladesh" time="5.628"/>
  <testcase name="rtr1602vfiriding101" classname="testCases.Bangladesh" time="3.648"/>
  <testcase name="dashboardfaqfeedback[TVS Connect Bangladesh Application](1)" classname="testCases.Bangladesh" time="20.084"/>
</testsuite>