<?xml version="1.0" encoding="UTF-8"?>
<testng-results ignored="0" total="33" passed="33" failed="0" skipped="0">
  <reporter-output>
  </reporter-output>
  <suite started-at="2024-03-21T11:10:02 IST" name="Suite" finished-at="2024-03-21T11:17:30 IST" duration-ms="447602">
    <groups>
    </groups>
    <test started-at="2024-03-21T11:10:02 IST" name="Test" finished-at="2024-03-21T11:17:30 IST" duration-ms="447602">
      <class name="testCases.Bangladesh">
        <test-method is-config="true" signature="configureappium()[pri:0, instance:testCases.Bangladesh@5a56cdac]" started-at="2024-03-21T11:10:03 IST" name="configureappium" finished-at="2024-03-21T11:10:28 IST" duration-ms="25058" status="PASS">
          <reporter-output>
          </reporter-output>
        </test-method> <!-- configureappium -->
        <test-method signature="applicationLogin()[pri:1, instance:testCases.Bangladesh@5a56cdac]" started-at="2024-03-21T11:10:28 IST" name="applicationLogin" finished-at="2024-03-21T11:10:55 IST" duration-ms="27185" status="PASS">
          <reporter-output>
          </reporter-output>
        </test-method> <!-- applicationLogin -->
        <test-method signature="signupDetails()[pri:2, instance:testCases.Bangladesh@5a56cdac]" started-at="2024-03-21T11:10:55 IST" name="signupDetails" finished-at="2024-03-21T11:11:02 IST" duration-ms="7396" status="PASS">
          <reporter-output>
          </reporter-output>
        </test-method> <!-- signupDetails -->
        <test-method signature="verifyOtp()[pri:3, instance:testCases.Bangladesh@5a56cdac]" started-at="2024-03-21T11:11:02 IST" name="verifyOtp" finished-at="2024-03-21T11:11:15 IST" duration-ms="12855" status="PASS">
          <reporter-output>
          </reporter-output>
        </test-method> <!-- verifyOtp -->
        <test-method signature="rtr1604vaddvehicle()[pri:4, instance:testCases.Bangladesh@5a56cdac]" started-at="2024-03-21T11:11:15 IST" name="rtr1604vaddvehicle" finished-at="2024-03-21T11:11:42 IST" duration-ms="26657" status="PASS">
          <reporter-output>
          </reporter-output>
        </test-method> <!-- rtr1604vaddvehicle -->
        <test-method signature="notification()[pri:5, instance:testCases.Bangladesh@5a56cdac]" started-at="2024-03-21T11:11:42 IST" name="notification" finished-at="2024-03-21T11:11:44 IST" duration-ms="2385" status="PASS">
          <reporter-output>
          </reporter-output>
        </test-method> <!-- notification -->
        <test-method signature="myprofile(java.lang.String,java.lang.String,java.lang.String,java.lang.String)[pri:6, instance:testCases.Bangladesh@5a56cdac]" started-at="2024-03-21T11:11:44 IST" name="myprofile" data-provider="profileData" finished-at="2024-03-21T11:12:26 IST" duration-ms="41948" status="PASS">
          <params>
            <param index="0">
              <value>
                <![CDATA[Rajesh Pathak]]>
              </value>
            </param>
            <param index="1">
              <value>
                <![CDATA[Chattogram]]>
              </value>
            </param>
            <param index="2">
              <value>
                <![CDATA[Allergy]]>
              </value>
            </param>
            <param index="3">
              <value>
                <![CDATA[Tvs application]]>
              </value>
            </param>
          </params>
          <reporter-output>
          </reporter-output>
        </test-method> <!-- myprofile -->
        <test-method signature="hamburgerlist(java.lang.String)[pri:7, instance:testCases.Bangladesh@5a56cdac]" started-at="2024-03-21T11:12:26 IST" name="hamburgerlist" data-provider="sendFeedback" finished-at="2024-03-21T11:13:16 IST" duration-ms="49663" status="PASS">
          <params>
            <param index="0">
              <value>
                <![CDATA[TVS Connect Bangladesh Application]]>
              </value>
            </param>
          </params>
          <reporter-output>
          </reporter-output>
        </test-method> <!-- hamburgerlist -->
        <test-method signature="rtr1604vridedetails()[pri:8, instance:testCases.Bangladesh@5a56cdac]" started-at="2024-03-21T11:13:16 IST" name="rtr1604vridedetails" finished-at="2024-03-21T11:13:36 IST" duration-ms="20554" status="PASS">
          <reporter-output>
          </reporter-output>
        </test-method> <!-- rtr1604vridedetails -->
        <test-method signature="rtr1604vmyrideslist()[pri:9, instance:testCases.Bangladesh@5a56cdac]" started-at="2024-03-21T11:13:36 IST" name="rtr1604vmyrideslist" finished-at="2024-03-21T11:13:42 IST" duration-ms="5619" status="PASS">
          <reporter-output>
          </reporter-output>
        </test-method> <!-- rtr1604vmyrideslist -->
        <test-method signature="rtr1604vmytour()[pri:10, instance:testCases.Bangladesh@5a56cdac]" started-at="2024-03-21T11:13:42 IST" name="rtr1604vmytour" finished-at="2024-03-21T11:13:46 IST" duration-ms="4123" status="PASS">
          <reporter-output>
          </reporter-output>
        </test-method> <!-- rtr1604vmytour -->
        <test-method signature="rtr1604vknowyourbike()[pri:11, instance:testCases.Bangladesh@5a56cdac]" started-at="2024-03-21T11:13:46 IST" name="rtr1604vknowyourbike" finished-at="2024-03-21T11:13:55 IST" duration-ms="8839" status="PASS">
          <reporter-output>
          </reporter-output>
        </test-method> <!-- rtr1604vknowyourbike -->
        <test-method signature="rtr1604vsettings()[pri:12, instance:testCases.Bangladesh@5a56cdac]" started-at="2024-03-21T11:13:55 IST" name="rtr1604vsettings" finished-at="2024-03-21T11:14:12 IST" duration-ms="17149" status="PASS">
          <reporter-output>
          </reporter-output>
        </test-method> <!-- rtr1604vsettings -->
        <test-method signature="rtr1604vlastparklocation()[pri:13, instance:testCases.Bangladesh@5a56cdac]" started-at="2024-03-21T11:14:12 IST" name="rtr1604vlastparklocation" finished-at="2024-03-21T11:14:23 IST" duration-ms="10597" status="PASS">
          <reporter-output>
          </reporter-output>
        </test-method> <!-- rtr1604vlastparklocation -->
        <test-method signature="addracingeditionvehicle()[pri:14, instance:testCases.Bangladesh@5a56cdac]" started-at="2024-03-21T11:14:23 IST" name="addracingeditionvehicle" finished-at="2024-03-21T11:14:33 IST" duration-ms="10412" status="PASS">
          <reporter-output>
          </reporter-output>
        </test-method> <!-- addracingeditionvehicle -->
        <test-method signature="reridedetails()[pri:15, instance:testCases.Bangladesh@5a56cdac]" started-at="2024-03-21T11:14:33 IST" name="reridedetails" finished-at="2024-03-21T11:14:39 IST" duration-ms="6244" status="PASS">
          <reporter-output>
          </reporter-output>
        </test-method> <!-- reridedetails -->
        <test-method signature="remyrides()[pri:16, instance:testCases.Bangladesh@5a56cdac]" started-at="2024-03-21T11:14:39 IST" name="remyrides" finished-at="2024-03-21T11:14:44 IST" duration-ms="4876" status="PASS">
          <reporter-output>
          </reporter-output>
        </test-method> <!-- remyrides -->
        <test-method signature="reknowyourbike()[pri:17, instance:testCases.Bangladesh@5a56cdac]" started-at="2024-03-21T11:14:44 IST" name="reknowyourbike" finished-at="2024-03-21T11:14:51 IST" duration-ms="7119" status="PASS">
          <reporter-output>
          </reporter-output>
        </test-method> <!-- reknowyourbike -->
        <test-method signature="resettings()[pri:18, instance:testCases.Bangladesh@5a56cdac]" started-at="2024-03-21T11:14:51 IST" name="resettings" finished-at="2024-03-21T11:15:02 IST" duration-ms="10863" status="PASS">
          <reporter-output>
          </reporter-output>
        </test-method> <!-- resettings -->
        <test-method signature="relastparkedlocation()[pri:19, instance:testCases.Bangladesh@5a56cdac]" started-at="2024-03-21T11:15:02 IST" name="relastparkedlocation" finished-at="2024-03-21T11:15:08 IST" duration-ms="5886" status="PASS">
          <reporter-output>
          </reporter-output>
        </test-method> <!-- relastparkedlocation -->
        <test-method signature="rehowtovideos()[pri:20, instance:testCases.Bangladesh@5a56cdac]" started-at="2024-03-21T11:15:08 IST" name="rehowtovideos" finished-at="2024-03-21T11:15:18 IST" duration-ms="9875" status="PASS">
          <reporter-output>
          </reporter-output>
        </test-method> <!-- rehowtovideos -->
        <test-method signature="addrtrapache1602vcarb()[pri:21, instance:testCases.Bangladesh@5a56cdac]" started-at="2024-03-21T11:15:18 IST" name="addrtrapache1602vcarb" finished-at="2024-03-21T11:15:32 IST" duration-ms="13503" status="PASS">
          <reporter-output>
          </reporter-output>
        </test-method> <!-- addrtrapache1602vcarb -->
        <test-method signature="apachevehicleoverview()[pri:22, instance:testCases.Bangladesh@5a56cdac]" started-at="2024-03-21T11:15:32 IST" name="apachevehicleoverview" finished-at="2024-03-21T11:15:35 IST" duration-ms="3699" status="PASS">
          <reporter-output>
          </reporter-output>
        </test-method> <!-- apachevehicleoverview -->
        <test-method signature="apachesettings()[pri:23, instance:testCases.Bangladesh@5a56cdac]" started-at="2024-03-21T11:15:35 IST" name="apachesettings" finished-at="2024-03-21T11:15:46 IST" duration-ms="10233" status="PASS">
          <reporter-output>
          </reporter-output>
        </test-method> <!-- apachesettings -->
        <test-method signature="apachelocatevehicle()[pri:24, instance:testCases.Bangladesh@5a56cdac]" started-at="2024-03-21T11:15:46 IST" name="apachelocatevehicle" finished-at="2024-03-21T11:15:52 IST" duration-ms="6419" status="PASS">
          <reporter-output>
          </reporter-output>
        </test-method> <!-- apachelocatevehicle -->
        <test-method signature="apacheusermanual()[pri:25, instance:testCases.Bangladesh@5a56cdac]" started-at="2024-03-21T11:15:52 IST" name="apacheusermanual" finished-at="2024-03-21T11:16:00 IST" duration-ms="7927" status="PASS">
          <reporter-output>
          </reporter-output>
        </test-method> <!-- apacheusermanual -->
        <test-method signature="apacheriding101()[pri:26, instance:testCases.Bangladesh@5a56cdac]" started-at="2024-03-21T11:16:00 IST" name="apacheriding101" finished-at="2024-03-21T11:16:05 IST" duration-ms="4716" status="PASS">
          <reporter-output>
          </reporter-output>
        </test-method> <!-- apacheriding101 -->
        <test-method signature="addapache1602vfi()[pri:27, instance:testCases.Bangladesh@5a56cdac]" started-at="2024-03-21T11:16:05 IST" name="addapache1602vfi" finished-at="2024-03-21T11:16:23 IST" duration-ms="18850" status="PASS">
          <reporter-output>
          </reporter-output>
        </test-method> <!-- addapache1602vfi -->
        <test-method signature="apache1602vfivehicleovgierview()[pri:28, instance:testCases.Bangladesh@5a56cdac]" started-at="2024-03-21T11:16:23 IST" name="apache1602vfivehicleovgierview" finished-at="2024-03-21T11:16:30 IST" duration-ms="6488" status="PASS">
          <reporter-output>
          </reporter-output>
        </test-method> <!-- apache1602vfivehicleovgierview -->
        <test-method signature="rtr1602vfisettings()[pri:29, instance:testCases.Bangladesh@5a56cdac]" started-at="2024-03-21T11:16:30 IST" name="rtr1602vfisettings" finished-at="2024-03-21T11:16:47 IST" duration-ms="16611" status="PASS">
          <reporter-output>
          </reporter-output>
        </test-method> <!-- rtr1602vfisettings -->
        <test-method signature="rtr1602vfilocatevehicle()[pri:30, instance:testCases.Bangladesh@5a56cdac]" started-at="2024-03-21T11:16:47 IST" name="rtr1602vfilocatevehicle" finished-at="2024-03-21T11:16:54 IST" duration-ms="7252" status="PASS">
          <reporter-output>
          </reporter-output>
        </test-method> <!-- rtr1602vfilocatevehicle -->
        <test-method signature="rtr1602vfiusermanual()[pri:31, instance:testCases.Bangladesh@5a56cdac]" started-at="2024-03-21T11:16:54 IST" name="rtr1602vfiusermanual" finished-at="2024-03-21T11:17:00 IST" duration-ms="5827" status="PASS">
          <reporter-output>
          </reporter-output>
        </test-method> <!-- rtr1602vfiusermanual -->
        <test-method signature="rtr1602vfiriding101()[pri:32, instance:testCases.Bangladesh@5a56cdac]" started-at="2024-03-21T11:17:00 IST" name="rtr1602vfiriding101" finished-at="2024-03-21T11:17:04 IST" duration-ms="4717" status="PASS">
          <reporter-output>
          </reporter-output>
        </test-method> <!-- rtr1602vfiriding101 -->
        <test-method signature="dashboardfaqfeedback(java.lang.String)[pri:33, instance:testCases.Bangladesh@5a56cdac]" started-at="2024-03-21T11:17:04 IST" name="dashboardfaqfeedback" data-provider="sendFeedback" finished-at="2024-03-21T11:17:30 IST" duration-ms="25279" status="PASS">
          <params>
            <param index="0">
              <value>
                <![CDATA[TVS Connect Bangladesh Application]]>
              </value>
            </param>
          </params>
          <reporter-output>
          </reporter-output>
        </test-method> <!-- dashboardfaqfeedback -->
      </class> <!-- testCases.Bangladesh -->
    </test> <!-- Test -->
  </suite> <!-- Suite -->
</testng-results>
